Namespace(criterion_method='strong_wolfe', eps=1e-06, func_name='extended_rosenbrock', init_alpha=0.5, m=1000, max_iters=10000.0, opt_method='cd', rho=0.0001, sigma=0.9, stepsize_method='interpolate22')
12/29 01:43:49 AM ***** Final Results *****
12/29 01:43:49 AM    迭代次数(ite): 9999
12/29 01:43:49 AM    函数调用次数(feva): 141174
12/29 01:43:49 AM    迭代点的 x 值: [[-9.9339306e-01  3.7068609e-04 -9.6612161e-01  9.8828971e-01
  -9.6612161e-01  4.6532066e-04 -9.7193986e-01  1.0163127e+00
  -9.7193986e-01  9.6406782e-01 -9.7193986e-01  1.0163127e+00
  -9.7193986e-01 -4.1313688e-03 -9.5446038e-01  1.0143491e+00
  -9.5446038e-01  9.5418727e-01 -9.5446038e-01  1.0143491e+00
  -9.5446038e-01  1.0312037e+00 -9.5446038e-01  1.0143491e+00
  -9.5446038e-01  9.5418727e-01 -9.5446038e-01  1.0143491e+00
  -9.5446038e-01  1.0099832e-03 -9.1665262e-01  9.9693644e-01
  -9.1665262e-01  9.3616837e-01 -9.1665262e-01  9.9693644e-01
  -9.1665262e-01  9.8590624e-01 -9.1665262e-01  9.9693644e-01
  -9.1665262e-01  9.3616837e-01 -9.1665262e-01  9.9693644e-01
  -9.1665262e-01  9.3307328e-01 -9.1665262e-01  9.9693644e-01
  -9.1665262e-01  9.3616837e-01 -9.1665262e-01  9.9693644e-01
  -9.1665262e-01  9.8590624e-01 -9.1665262e-01  9.9693644e-01
  -9.1665262e-01  9.3616837e-01 -9.1665262e-01  9.9693644e-01
  -5.5472368e-01  3.0656392e-03 -5.5472368e-01  8.0037677e-01
  -5.5472368e-01  9.2482120e-01 -5.5472368e-01  8.0037677e-01
  -5.5472368e-01  9.4956279e-01 -5.5472368e-01  8.0037677e-01
  -5.5472368e-01  9.2482120e-01 -5.5472368e-01  8.0037677e-01
  -5.5472368e-01  9.3426329e-01 -5.5472368e-01  8.0037677e-01
  -5.5472368e-01  9.2482120e-01 -5.5472368e-01  8.0037677e-01
  -5.5472368e-01  9.4956279e-01 -5.5472368e-01  8.0037677e-01
  -5.5472368e-01  9.2482120e-01 -5.5472368e-01  8.0037677e-01
  -5.5472368e-01  9.8217511e-01 -5.5472368e-01  8.0037677e-01
  -5.5472368e-01  9.2482120e-01 -5.5472368e-01  8.0037677e-01
  -5.5472368e-01  9.4956279e-01 -5.5472368e-01  8.0037677e-01
  -5.5472368e-01  9.2482120e-01 -5.5472368e-01  8.0037677e-01
  -5.5472368e-01  9.3426329e-01 -5.5472368e-01  8.0037677e-01
  -5.5472368e-01  9.2482120e-01 -5.5472368e-01  8.0037677e-01
  -5.5472368e-01  9.4956279e-01 -5.5472368e-01  8.0037677e-01
  -5.5472368e-01  9.2482120e-01 -5.5472279e-01  3.3682653e-01
   6.5195435e-01  2.2913984e-03  6.5195435e-01  3.3682653e-01
   6.5195435e-01  7.1142679e-01  6.5195435e-01  3.3682653e-01
   6.5195435e-01  8.6864924e-01  6.5195435e-01  3.3682653e-01
   6.5195435e-01  7.1142679e-01  6.5195435e-01  3.3682653e-01
   6.5195435e-01  8.8557225e-01  6.5195435e-01  3.3682653e-01
   6.5195435e-01  7.1142679e-01  6.5195435e-01  3.3682653e-01
   6.5195435e-01  8.6864924e-01  6.5195435e-01  3.3682653e-01
   6.5195435e-01  7.1142679e-01  6.5195435e-01  3.3682653e-01
   6.5195435e-01  9.3488038e-01  6.5195435e-01  3.3682653e-01
   6.5195435e-01  7.1142679e-01  6.5195435e-01  3.3682653e-01
   6.5195435e-01  8.6864924e-01  6.5195435e-01  3.3682653e-01
   6.5195435e-01  7.1142679e-01  6.5195435e-01  3.3682653e-01
   6.5195435e-01  8.8557225e-01  6.5195435e-01  3.3682653e-01
   6.5195435e-01  7.1142679e-01  6.5195435e-01  3.3682653e-01
   6.5195435e-01  8.6864924e-01  6.5195435e-01  3.3682653e-01
   6.5195435e-01  7.1142679e-01  6.5195435e-01  3.3682653e-01
   6.5195435e-01  8.7938529e-01  6.5195435e-01  3.3682653e-01
   6.5195435e-01  7.1142679e-01  6.5195435e-01  3.3682653e-01
   6.5195435e-01  8.6864924e-01  6.5195435e-01  3.3682653e-01
   6.5195435e-01  7.1142679e-01  6.5195435e-01  3.3682653e-01
   6.5195435e-01  8.8557225e-01  6.5195435e-01  3.3682653e-01
   6.5195435e-01  7.1142679e-01  6.5195435e-01  3.3682653e-01
   6.5195435e-01  8.6864924e-01  6.5195435e-01  3.3682653e-01
   6.5195435e-01  7.1142679e-01  6.5195435e-01  3.3682653e-01
   6.5195435e-01  9.3488038e-01  6.5195435e-01  3.3682653e-01
   6.5195435e-01  7.1142679e-01  6.5195435e-01  3.3682653e-01
   6.5195435e-01  8.6864924e-01  6.5195435e-01  3.3682653e-01
   6.5195435e-01  7.1142679e-01  6.5195435e-01  3.3682653e-01
   6.5195435e-01  8.8557225e-01  6.5195435e-01  3.3682653e-01
   6.5195435e-01  7.1142679e-01  6.5195435e-01  3.3682653e-01
   6.5195435e-01  8.6864924e-01  6.5195435e-01  3.3682677e-01
   1.1917582e+00  1.0233879e-01  1.1917582e+00  4.3693560e-01
   1.1917582e+00  1.9951318e-03  1.1917582e+00  4.3693560e-01
   1.1917582e+00  1.0233879e-01  1.1917582e+00  4.3693560e-01
   1.1917582e+00  4.7491601e-01  1.1917582e+00  4.3693560e-01
   1.1917582e+00  1.0233879e-01  1.1917582e+00  4.3693560e-01
   1.1917582e+00  7.8406012e-01  1.1917582e+00  4.3693560e-01
   1.1917582e+00  1.0233879e-01  1.1917582e+00  4.3693560e-01
   1.1917582e+00  4.7491601e-01  1.1917582e+00  4.3693560e-01
   1.1917582e+00  1.0233879e-01  1.1917582e+00  4.3693560e-01
   1.1917582e+00  7.9790968e-01  1.1917582e+00  4.3693560e-01
   1.1917582e+00  1.0233879e-01  1.1917582e+00  4.3693560e-01
   1.1917582e+00  4.7491601e-01  1.1917582e+00  4.3693560e-01
   1.1917582e+00  1.0233879e-01  1.1917582e+00  4.3693560e-01
   1.1917582e+00  7.8406012e-01  1.1917582e+00  4.3693560e-01
   1.1917582e+00  1.0233879e-01  1.1917582e+00  4.3693560e-01
   1.1917582e+00  4.7491601e-01  1.1917582e+00  4.3693560e-01
   1.1917582e+00  1.0233879e-01  1.1917582e+00  4.3693560e-01
   1.1917582e+00  7.8608716e-01  1.1917582e+00  4.3693560e-01
   1.1917582e+00  1.0233879e-01  1.1917582e+00  4.3693560e-01
   1.1917582e+00  4.7491601e-01  1.1917582e+00  4.3693560e-01
   1.1917582e+00  1.0233879e-01  1.1917582e+00  4.3693560e-01
   1.1917582e+00  7.8406012e-01  1.1917582e+00  4.3693560e-01
   1.1917582e+00  1.0233879e-01  1.1917582e+00  4.3693560e-01
   1.1917582e+00  4.7491601e-01  1.1917582e+00  4.3693560e-01
   1.1917582e+00  1.0233879e-01  1.1917582e+00  4.3693560e-01
   1.1917582e+00  7.9790968e-01  1.1917582e+00  4.3693560e-01
   1.1917582e+00  1.0233879e-01  1.1917582e+00  4.3693560e-01
   1.1917582e+00  4.7491601e-01  1.1917582e+00  4.3693560e-01
   1.1917582e+00  1.0233879e-01  1.1917582e+00  4.3693560e-01
   1.1917582e+00  7.8406012e-01  1.1917582e+00  4.3693560e-01
   1.1917582e+00  1.0233879e-01  1.1917582e+00  4.3693560e-01
   1.1917582e+00  4.7491601e-01  1.1917582e+00  4.3693560e-01
   1.1917582e+00  1.0233879e-01  1.1917582e+00  4.3693560e-01
   1.1917582e+00  8.5530818e-01  1.1917582e+00  4.3693560e-01
   1.1917582e+00  1.0233879e-01  1.1917582e+00  4.3693560e-01
   1.1917582e+00  4.7491601e-01  1.1917582e+00  4.3693560e-01
   1.1917582e+00  1.0233879e-01  1.1917582e+00  4.3693560e-01
   1.1917582e+00  7.8406012e-01  1.1917582e+00  4.3693560e-01
   1.1917582e+00  1.0233879e-01  1.1917582e+00  4.3693560e-01
   1.1917582e+00  4.7491601e-01  1.1917582e+00  4.3693560e-01
   1.1917582e+00  1.0233879e-01  1.1917582e+00  4.3693560e-01
   1.1917582e+00  7.9790968e-01  1.1917582e+00  4.3693560e-01
   1.1917582e+00  1.0233879e-01  1.1917582e+00  4.3693560e-01
   1.1917582e+00  4.7491601e-01  1.1917582e+00  4.3693560e-01
   1.1917582e+00  1.0233879e-01  1.1917582e+00  4.3693560e-01
   1.1917582e+00  7.8406012e-01  1.1917582e+00  4.3693560e-01
   1.1917582e+00  1.0233879e-01  1.1917582e+00  4.3693560e-01
   1.1917582e+00  4.7491601e-01  1.1917582e+00  4.3693560e-01
   1.1917582e+00  1.0233879e-01  1.1917582e+00  4.3693560e-01
   1.1917582e+00  7.8608716e-01  1.1917582e+00  4.3693560e-01
   1.1917582e+00  1.0233879e-01  1.1917582e+00  4.3693560e-01
   1.1917582e+00  4.7491601e-01  1.1917582e+00  4.3693560e-01
   1.1917582e+00  1.0233879e-01  1.1917582e+00  4.3693560e-01
   1.1917582e+00  7.8406012e-01  1.1917582e+00  4.3693560e-01
   1.1917582e+00  1.0233879e-01  1.1917582e+00  4.3693560e-01
   1.1917582e+00  4.7491601e-01  1.1917582e+00  4.3693560e-01
   1.1917582e+00  1.0233879e-01  1.1917582e+00  4.3693560e-01
   1.1917582e+00  7.9790968e-01  1.1917582e+00  4.3693560e-01
   1.1917582e+00  1.0233879e-01  1.1917582e+00  4.3693560e-01
   1.1917582e+00  4.7491601e-01  1.1917582e+00  4.3693560e-01
   1.1917582e+00  1.0233879e-01  1.1917582e+00  4.3693560e-01
   1.1917582e+00  7.8406012e-01  1.1917582e+00  4.3693560e-01
   1.1917582e+00  1.0234135e-01  1.1917582e+00  1.3987637e+00
   7.8843378e-02  1.2117746e-02  7.8843378e-02  1.3987637e+00
   7.8843378e-02  1.8157068e-01  7.8843378e-02  1.3987637e+00
   7.8843378e-02  1.1382229e-03  7.8843378e-02  1.3987637e+00
   7.8843378e-02  1.8157068e-01  7.8843378e-02  1.3987637e+00
   7.8843378e-02  1.2117746e-02  7.8843378e-02  1.3987637e+00
   7.8843378e-02  1.8157068e-01  7.8843378e-02  1.3987637e+00
   7.8843378e-02  2.3544985e-01  7.8843378e-02  1.3987637e+00
   7.8843378e-02  1.8157068e-01  7.8843378e-02  1.3987637e+00
   7.8843378e-02  1.2117746e-02  7.8843378e-02  1.3987637e+00
   7.8843378e-02  1.8157068e-01  7.8843378e-02  1.3987637e+00
   7.8843378e-02  5.9953690e-01  7.8843378e-02  1.3987637e+00
   7.8843378e-02  1.8157068e-01  7.8843378e-02  1.3987637e+00
   7.8843378e-02  1.2117746e-02  7.8843378e-02  1.3987637e+00
   7.8843378e-02  1.8157068e-01  7.8843378e-02  1.3987637e+00
   7.8843378e-02  2.3544985e-01  7.8843378e-02  1.3987637e+00
   7.8843378e-02  1.8157068e-01  7.8843378e-02  1.3987637e+00
   7.8843378e-02  1.2117746e-02  7.8843378e-02  1.3987637e+00
   7.8843378e-02  1.8157068e-01  7.8843378e-02  1.3987637e+00
   7.8843378e-02  6.1163187e-01  7.8843378e-02  1.3987637e+00
   7.8843378e-02  1.8157068e-01  7.8843378e-02  1.3987637e+00
   7.8843378e-02  1.2117746e-02  7.8843378e-02  1.3987637e+00
   7.8843378e-02  1.8157068e-01  7.8843378e-02  1.3987637e+00
   7.8843378e-02  2.3544985e-01  7.8843378e-02  1.3987637e+00
   7.8843378e-02  1.8157068e-01  7.8843378e-02  1.3987637e+00
   7.8843378e-02  1.2117746e-02  7.8843378e-02  1.3987637e+00
   7.8843378e-02  1.8157068e-01  7.8843378e-02  1.3987637e+00
   7.8843378e-02  5.9953690e-01  7.8843378e-02  1.3987637e+00
   7.8843378e-02  1.8157068e-01  7.8843378e-02  1.3987637e+00
   7.8843378e-02  1.2117746e-02  7.8843378e-02  1.3987637e+00
   7.8843378e-02  1.8157068e-01  7.8843378e-02  1.3987637e+00
   7.8843378e-02  2.3544985e-01  7.8843378e-02  1.3987637e+00
   7.8843378e-02  1.8157068e-01  7.8843378e-02  1.3987637e+00
   7.8843378e-02  1.2117746e-02  7.8843378e-02  1.3987637e+00
   7.8843378e-02  1.8157068e-01  7.8843378e-02  1.3987637e+00
   7.8843378e-02  6.7609465e-01  7.8843378e-02  1.3987637e+00
   7.8843378e-02  1.8157068e-01  7.8843378e-02  1.3987637e+00
   7.8843378e-02  1.2117746e-02  7.8843378e-02  1.3987637e+00
   7.8843378e-02  1.8157068e-01  7.8843378e-02  1.3987637e+00
   7.8843378e-02  2.3544985e-01  7.8843378e-02  1.3987637e+00
   7.8843378e-02  1.8157068e-01  7.8843378e-02  1.3987637e+00
   7.8843378e-02  1.2117746e-02  7.8843378e-02  1.3987637e+00
   7.8843378e-02  1.8157068e-01  7.8843378e-02  1.3987637e+00
   7.8843378e-02  5.9953690e-01  7.8843378e-02  1.3987637e+00
   7.8843378e-02  1.8157068e-01  7.8843378e-02  1.3987637e+00
   7.8843378e-02  1.2117746e-02  7.8843378e-02  1.3987637e+00
   7.8843378e-02  1.8157068e-01  7.8843378e-02  1.3987637e+00
   7.8843378e-02  2.3544985e-01  7.8843378e-02  1.3987637e+00
   7.8843378e-02  1.8157068e-01  7.8843378e-02  1.3987637e+00
   7.8843378e-02  1.2117746e-02  7.8843378e-02  1.3987637e+00
   7.8843378e-02  1.8157068e-01  7.8843378e-02  1.3987637e+00
   7.8843378e-02  6.1163187e-01  7.8843378e-02  1.3987637e+00
   7.8843378e-02  1.8157068e-01  7.8843378e-02  1.3987637e+00
   7.8843378e-02  1.2117746e-02  7.8843378e-02  1.3987637e+00
   7.8843378e-02  1.8157068e-01  7.8843378e-02  1.3987637e+00
   7.8843378e-02  2.3544985e-01  7.8843378e-02  1.3987637e+00
   7.8843378e-02  1.8157068e-01  7.8843378e-02  1.3987637e+00
   7.8843378e-02  1.2117746e-02  7.8843378e-02  1.3987637e+00
   7.8843378e-02  1.8157068e-01  7.8843378e-02  1.3987637e+00
   7.8843378e-02  5.9953690e-01  7.8843378e-02  1.3987637e+00
   7.8843378e-02  1.8157068e-01  7.8843378e-02  1.3987637e+00
   7.8843378e-02  1.2117746e-02  7.8843378e-02  1.3987637e+00
   7.8843378e-02  1.8157068e-01  7.8843378e-02  1.3987637e+00
   7.8843378e-02  2.3544985e-01  7.8843378e-02  1.3987637e+00
   7.8843378e-02  1.8157068e-01  7.8843378e-02  1.3987637e+00
   7.8843378e-02  1.2117746e-02  7.8843378e-02  1.3987637e+00
   7.8843378e-02  1.8157068e-01  7.8843378e-02  1.3987637e+00
   7.8843378e-02  6.6931343e-01  7.8843378e-02  1.3987637e+00
   7.8843378e-02  1.8157068e-01  7.8843378e-02  1.3987637e+00
   7.8843378e-02  1.2117746e-02  7.8843378e-02  1.3987637e+00
   7.8843378e-02  1.8157068e-01  7.8843378e-02  1.3987637e+00
   7.8843378e-02  2.3544985e-01  7.8843378e-02  1.3987637e+00
   7.8843378e-02  1.8157068e-01  7.8843378e-02  1.3987637e+00
   7.8843378e-02  1.2117746e-02  7.8843378e-02  1.3987637e+00
   7.8843378e-02  1.8157068e-01  7.8843378e-02  1.3987637e+00
   7.8843378e-02  5.9953690e-01  7.8843378e-02  1.3987637e+00
   7.8843378e-02  1.8157068e-01  7.8843378e-02  1.3987637e+00
   7.8843378e-02  1.2117746e-02  7.8843378e-02  1.3987637e+00
   7.8843378e-02  1.8157068e-01  7.8843378e-02  1.3987637e+00
   7.8843378e-02  2.3544985e-01  7.8843378e-02  1.3987637e+00
   7.8843378e-02  1.8157068e-01  7.8843378e-02  1.3987637e+00
   7.8843378e-02  1.2117746e-02  7.8843378e-02  1.3987637e+00
   7.8843378e-02  1.8157068e-01  7.8843378e-02  1.3987637e+00
   7.8843378e-02  6.1163187e-01  7.8843378e-02  1.3987637e+00
   7.8843378e-02  1.8157068e-01  7.8843378e-02  1.3987637e+00
   7.8843378e-02  1.2117746e-02  7.8843378e-02  1.3987637e+00
   7.8843378e-02  1.8157068e-01  7.8843378e-02  1.3987637e+00
   7.8843378e-02  2.3544985e-01  7.8843378e-02  1.3987637e+00
   7.8843378e-02  1.8157068e-01  7.8843378e-02  1.3987637e+00
   7.8843378e-02  1.2117746e-02  7.8843378e-02  1.3987637e+00
   7.8843378e-02  1.8157068e-01  7.8843378e-02  1.3987637e+00
   7.8843378e-02  5.9953690e-01  7.8843378e-02  1.3987637e+00
   7.8843378e-02  1.8157068e-01  7.8843378e-02  1.3987637e+00
   7.8843378e-02  1.2117746e-02  7.8843378e-02  1.3987637e+00
   7.8843378e-02  1.8157068e-01  7.8843378e-02  1.3987637e+00
   7.8843378e-02  2.3544985e-01  7.8843378e-02  1.3987637e+00
   7.8843378e-02  1.8157068e-01  7.8843378e-02  1.3987637e+00
   7.8843378e-02  1.2117746e-02  7.8843378e-02  1.3987637e+00
   7.8843378e-02  1.8157068e-01  7.8843378e-02  1.3987637e+00
   7.8843378e-02  6.7609465e-01  7.8843378e-02  1.3987637e+00
   7.8843378e-02  1.8157068e-01  7.8843378e-02  1.3987637e+00
   7.8843378e-02  1.2117746e-02  7.8843378e-02  1.3987637e+00
   7.8843378e-02  1.8157068e-01  7.8843378e-02  1.3987637e+00
   7.8843378e-02  2.3544985e-01  7.8843378e-02  1.3987637e+00
   7.8843378e-02  1.8157068e-01  7.8843378e-02  1.3987637e+00
   7.8843378e-02  1.2117746e-02  7.8843378e-02  1.3987637e+00
   7.8843378e-02  1.8157068e-01  7.8843378e-02  1.3987637e+00
   7.8843378e-02  5.9953690e-01  7.8843378e-02  1.3987637e+00
   7.8843378e-02  1.8157068e-01  7.8843378e-02  1.3987637e+00
   7.8843378e-02  1.2117746e-02  7.8843378e-02  1.3987637e+00
   7.8843378e-02  1.8157068e-01  7.8843378e-02  1.3987637e+00
   7.8843378e-02  2.3544985e-01  7.8843378e-02  1.3987637e+00
   7.8843378e-02  1.8157068e-01  7.8843378e-02  1.3987637e+00
   7.8843378e-02  1.2117746e-02  7.8843378e-02  1.3987637e+00
   7.8843378e-02  1.8157068e-01  7.8843378e-02  1.3987637e+00
   7.8843378e-02  6.1163187e-01  7.8843378e-02  1.3987637e+00
   7.8843378e-02  1.8157068e-01  7.8843378e-02  1.3987637e+00
   7.8843378e-02  1.2117746e-02  7.8843378e-02  1.3987637e+00
   7.8843378e-02  1.8157068e-01  7.8843378e-02  1.3987637e+00
   7.8843378e-02  2.3544985e-01  7.8843378e-02  1.3987637e+00
   7.8843378e-02  1.8157068e-01  7.8843378e-02  1.3987637e+00
   7.8843378e-02  1.2117746e-02  7.8843378e-02  1.3987637e+00
   7.8843378e-02  1.8157068e-01  7.8843378e-02  1.3987637e+00
   7.8843378e-02  5.9953690e-01  7.8843378e-02  1.3987637e+00
   7.8843378e-02  1.8157068e-01  7.8843378e-02  1.3987637e+00
   7.8843378e-02  1.2116997e-02  7.8843378e-02  1.3987637e+00]], 函数值: 467.94943
12/29 01:43:49 AM    最优函数值: 0
12/29 01:43:49 AM    |f(xk) - f(x*)|: 467.9494323730469
12/29 01:43:49 AM    ||g_k||: 374.1134
12/29 01:43:49 AM    CPU时间（ms）: 480.601489
