Namespace(criterion_method='strong_wolfe', eps=1e-06, func_name='extended_rosenbrock', init_alpha=0.5, m=100, max_iters=10000.0, opt_method='cd', rho=0.0001, sigma=0.9, stepsize_method='interpolate22')
12/29 01:03:12 AM ***** Final Results *****
12/29 01:03:12 AM    迭代次数(ite): 9999
12/29 01:03:12 AM    函数调用次数(feva): 159994
12/29 01:03:12 AM    迭代点的 x 值: [[-9.53804255e-01  2.30248334e-04 -8.25229466e-01  8.88072252e-01
   1.75058633e-01  1.34599277e-05  1.75058633e-01  6.66834652e-01
   1.75058633e-01  8.34740281e-01  1.00001001e+00  2.37053465e-02
   1.00001001e+00 -1.07347194e-04  1.00001001e+00  2.37053465e-02
   1.00001001e+00  4.69260037e-01  1.00001001e+00  2.37053465e-02
   1.00001001e+00  6.74417496e-01  1.00001001e+00  1.00790274e+00
   1.00708365e+00 -1.20757330e-04  1.00708365e+00  1.00790274e+00
   1.00708365e+00 -1.58304305e-04  1.00708365e+00  1.00790274e+00
   1.00708365e+00 -1.20757330e-04  1.00708365e+00  1.00790274e+00
   1.00708365e+00  2.17451230e-01  1.00708365e+00  1.00790274e+00
   1.00708365e+00 -1.20757330e-04  1.00708365e+00  1.00790274e+00
   1.00708365e+00  4.64830875e-01  1.00708365e+00  1.00790274e+00
   1.00708365e+00  1.00510061e+00  1.09124124e+00  1.03329873e+00
   1.09124124e+00 -1.29051809e-03  1.09124124e+00  1.03329873e+00
   1.09124124e+00  1.00510061e+00  1.09124124e+00  1.03329873e+00
   1.09124124e+00 -1.46081569e-04  1.09124124e+00  1.03329873e+00
   1.09124124e+00  1.00510061e+00  1.09124124e+00  1.03329873e+00
   1.09124124e+00 -1.29051809e-03  1.09124124e+00  1.03329873e+00
   1.09124124e+00  1.00510061e+00  1.09124124e+00  1.03329873e+00
   1.09124124e+00  5.01418337e-02  1.09124124e+00  1.03329873e+00
   1.09124124e+00  1.00510061e+00  1.09124124e+00  1.03329873e+00
   1.09124124e+00 -1.29051809e-03  1.09124124e+00  1.03329873e+00
   1.09124124e+00  1.00510061e+00  1.09124124e+00  1.03329873e+00
   1.09124124e+00  2.14276820e-01  1.09124124e+00  1.03329873e+00
   1.09124124e+00  1.00510061e+00  1.09124124e+00  1.03329873e+00]], 函数值: 10.413921
12/29 01:03:12 AM    最优函数值: 0
12/29 01:03:12 AM    |f(xk) - f(x*)|: 10.413921356201172
12/29 01:03:12 AM    ||g_k||: 49.189587
12/29 01:03:12 AM    CPU时间（ms）: 51.995655
