Namespace(criterion_method='strong_wolfe', eps=1e-06, func_name='extended_rosenbrock', init_alpha=0.5, m=1000, max_iters=10000.0, opt_method='fr-prp', rho=0.0001, sigma=0.9, stepsize_method='interpolate22')
12/29 01:37:15 AM ***** Final Results *****
12/29 01:37:15 AM    迭代次数(ite): 9999
12/29 01:37:15 AM    函数调用次数(feva): 148122
12/29 01:37:15 AM    迭代点的 x 值: [[-0.99255216  0.         -0.99196273  0.99573976 -0.99196273  0.
  -0.98753816  0.9940689  -0.98753816  0.99553394 -0.98753816  0.9940689
  -0.98753816  0.         -0.95553976  0.98529124 -0.95553976  0.99315166
  -0.95553976  0.98529124 -0.95553976  0.99492204 -0.95553976  0.98529124
  -0.95553976  0.99315166 -0.95553976  0.98529124 -0.95553976  0.
   0.6786694   0.9232439   0.6786694   0.975897    0.6786694   0.9232439
   0.6786694   0.98897594  0.6786694   0.9232439   0.6786694   0.975897
   0.6786694   0.9232439   0.6786694   0.9897557   0.6786694   0.9232439
   0.6786694   0.975897    0.6786694   0.9232439   0.6786694   0.98897594
   0.6786694   0.9232439   0.6786694   0.975897    0.6786694   0.9232439
   0.81219804  0.          0.81219804  0.45872977  0.81219804  0.857808
   0.81219804  0.45872977  0.81219804  0.9549735   0.81219804  0.45872977
   0.81219804  0.857808    0.81219804  0.45872977  0.81219804  0.97926724
   0.81219804  0.45872977  0.81219804  0.857808    0.81219804  0.45872977
   0.81219804  0.9549735   0.81219804  0.45872977  0.81219804  0.857808
   0.81219804  0.45872977  0.81219804  0.9815103   0.81219804  0.45872977
   0.81219804  0.857808    0.81219804  0.45872977  0.81219804  0.9549735
   0.81219804  0.45872977  0.81219804  0.857808    0.81219804  0.45872977
   0.81219804  0.97926724  0.81219804  0.45872977  0.81219804  0.857808
   0.81219804  0.45872977  0.81219804  0.9549735   0.81219804  0.45872977
   0.81219804  0.857808    0.81219804  0.65860826  0.8633667   0.
   0.8633667   0.65860826  0.8633667   0.20942189  0.8633667   0.65860826
   0.8633667   0.73882324  0.8633667   0.65860826  0.8633667   0.20942189
   0.8633667   0.65860826  0.8633667   0.9133081   0.8633667   0.65860826
   0.8633667   0.20942189  0.8633667   0.65860826  0.8633667   0.73882324
   0.8633667   0.65860826  0.8633667   0.20942189  0.8633667   0.65860826
   0.8633667   0.95967615  0.8633667   0.65860826  0.8633667   0.20942189
   0.8633667   0.65860826  0.8633667   0.73882324  0.8633667   0.65860826
   0.8633667   0.20942189  0.8633667   0.65860826  0.8633667   0.9133081
   0.8633667   0.65860826  0.8633667   0.20942189  0.8633667   0.65860826
   0.8633667   0.73882324  0.8633667   0.65860826  0.8633667   0.20942189
   0.8633667   0.65860826  0.8633667   0.9627236   0.8633667   0.65860826
   0.8633667   0.20942189  0.8633667   0.65860826  0.8633667   0.73882324
   0.8633667   0.65860826  0.8633667   0.20942189  0.8633667   0.65860826
   0.8633667   0.9133081   0.8633667   0.65860826  0.8633667   0.20942189
   0.8633667   0.65860826  0.8633667   0.73882324  0.8633667   0.65860826
   0.8633667   0.20942189  0.8633667   0.65860826  0.8633667   0.95967615
   0.8633667   0.65860826  0.8633667   0.20942189  0.8633667   0.65860826
   0.8633667   0.73882324  0.8633667   0.65860826  0.8633667   0.20942189
   0.8633667   0.65860826  0.8633667   0.9133081   0.8633667   0.65860826
   0.8633667   0.20942189  0.8633667   0.65860826  0.8633667   0.73882324
   0.8633667   0.65860826  0.9561097   0.4331606   0.9561097   0.7446852
   0.9561097   0.          0.9561097   0.7446852   0.9561097   0.4331606
   0.9561097   0.7446852   0.9561097   0.04349514  0.9561097   0.7446852
   0.9561097   0.4331606   0.9561097   0.7446852   0.9561097   0.5475332
   0.9561097   0.7446852   0.9561097   0.4331606   0.9561097   0.7446852
   0.9561097   0.04349514  0.9561097   0.7446852   0.9561097   0.4331606
   0.9561097   0.7446852   0.9561097   0.8348083   0.9561097   0.7446852
   0.9561097   0.4331606   0.9561097   0.7446852   0.9561097   0.04349514
   0.9561097   0.7446852   0.9561097   0.4331606   0.9561097   0.7446852
   0.9561097   0.5475332   0.9561097   0.7446852   0.9561097   0.4331606
   0.9561097   0.7446852   0.9561097   0.04349514  0.9561097   0.7446852
   0.9561097   0.4331606   0.9561097   0.7446852   0.9561097   0.9212498
   0.9561097   0.7446852   0.9561097   0.4331606   0.9561097   0.7446852
   0.9561097   0.04349514  0.9561097   0.7446852   0.9561097   0.4331606
   0.9561097   0.7446852   0.9561097   0.5475332   0.9561097   0.7446852
   0.9561097   0.4331606   0.9561097   0.7446852   0.9561097   0.04349514
   0.9561097   0.7446852   0.9561097   0.4331606   0.9561097   0.7446852
   0.9561097   0.8348083   0.9561097   0.7446852   0.9561097   0.4331606
   0.9561097   0.7446852   0.9561097   0.04349514  0.9561097   0.7446852
   0.9561097   0.4331606   0.9561097   0.7446852   0.9561097   0.5475332
   0.9561097   0.7446852   0.9561097   0.4331606   0.9561097   0.7446852
   0.9561097   0.04349514  0.9561097   0.7446852   0.9561097   0.4331606
   0.9561097   0.7446852   0.9561097   0.92759496  0.9561097   0.7446852
   0.9561097   0.4331606   0.9561097   0.7446852   0.9561097   0.04349514
   0.9561097   0.7446852   0.9561097   0.4331606   0.9561097   0.7446852
   0.9561097   0.5475332   0.9561097   0.7446852   0.9561097   0.4331606
   0.9561097   0.7446852   0.9561097   0.04349514  0.9561097   0.7446852
   0.9561097   0.4331606   0.9561097   0.7446852   0.9561097   0.8348083
   0.9561097   0.7446852   0.9561097   0.4331606   0.9561097   0.7446852
   0.9561097   0.04349514  0.9561097   0.7446852   0.9561097   0.4331606
   0.9561097   0.7446852   0.9561097   0.5475332   0.9561097   0.7446852
   0.9561097   0.4331606   0.9561097   0.7446852   0.9561097   0.04349514
   0.9561097   0.7446852   0.9561097   0.4331606   0.9561097   0.7446852
   0.9561097   0.9212498   0.9561097   0.7446852   0.9561097   0.4331606
   0.9561097   0.7446852   0.9561097   0.04349514  0.9561097   0.7446852
   0.9561097   0.4331606   0.9561097   0.7446852   0.9561097   0.5475332
   0.9561097   0.7446852   0.9561097   0.4331606   0.9561097   0.7446852
   0.9561097   0.04349514  0.9561097   0.7446852   0.9561097   0.4331606
   0.9561097   0.7446852   0.9561097   0.8348083   0.9561097   0.7446852
   0.9561097   0.4331606   0.9561097   0.7446852   0.9561097   0.04349514
   0.9561097   0.7446852   0.9561097   0.4331606   0.9561097   0.7446852
   0.9561097   0.5475332   0.9561097   0.7446852   0.9561097   0.4331606
   0.9561097   0.9139655   0.99997115  0.1873289   0.99997115  0.9139655
   0.99997115  0.5542241   0.99997115  0.9139655   0.99997115  0.
   0.99997115  0.9139655   0.99997115  0.5542241   0.99997115  0.9139655
   0.99997115  0.1873289   0.99997115  0.9139655   0.99997115  0.5542241
   0.99997115  0.9139655   0.99997115  0.00186079  0.99997115  0.9139655
   0.99997115  0.5542241   0.99997115  0.9139655   0.99997115  0.1873289
   0.99997115  0.9139655   0.99997115  0.5542241   0.99997115  0.9139655
   0.99997115  0.30062556  0.99997115  0.9139655   0.99997115  0.5542241
   0.99997115  0.9139655   0.99997115  0.1873289   0.99997115  0.9139655
   0.99997115  0.5542241   0.99997115  0.9139655   0.99997115  0.00186079
   0.99997115  0.9139655   0.99997115  0.5542241   0.99997115  0.9139655
   0.99997115  0.1873289   0.99997115  0.9139655   0.99997115  0.5542241
   0.99997115  0.9139655   0.99997115  0.6972031   0.99997115  0.9139655
   0.99997115  0.5542241   0.99997115  0.9139655   0.99997115  0.1873289
   0.99997115  0.9139655   0.99997115  0.5542241   0.99997115  0.9139655
   0.99997115  0.00186079  0.99997115  0.9139655   0.99997115  0.5542241
   0.99997115  0.9139655   0.99997115  0.1873289   0.99997115  0.9139655
   0.99997115  0.5542241   0.99997115  0.9139655   0.99997115  0.30062556
   0.99997115  0.9139655   0.99997115  0.5542241   0.99997115  0.9139655
   0.99997115  0.1873289   0.99997115  0.9139655   0.99997115  0.5542241
   0.99997115  0.9139655   0.99997115  0.00186079  0.99997115  0.9139655
   0.99997115  0.5542241   0.99997115  0.9139655   0.99997115  0.1873289
   0.99997115  0.9139655   0.99997115  0.5542241   0.99997115  0.9139655
   0.99997115  0.8488533   0.99997115  0.9139655   0.99997115  0.5542241
   0.99997115  0.9139655   0.99997115  0.1873289   0.99997115  0.9139655
   0.99997115  0.5542241   0.99997115  0.9139655   0.99997115  0.00186079
   0.99997115  0.9139655   0.99997115  0.5542241   0.99997115  0.9139655
   0.99997115  0.1873289   0.99997115  0.9139655   0.99997115  0.5542241
   0.99997115  0.9139655   0.99997115  0.30062556  0.99997115  0.9139655
   0.99997115  0.5542241   0.99997115  0.9139655   0.99997115  0.1873289
   0.99997115  0.9139655   0.99997115  0.5542241   0.99997115  0.9139655
   0.99997115  0.00186079  0.99997115  0.9139655   0.99997115  0.5542241
   0.99997115  0.9139655   0.99997115  0.1873289   0.99997115  0.9139655
   0.99997115  0.5542241   0.99997115  0.9139655   0.99997115  0.6972031
   0.99997115  0.9139655   0.99997115  0.5542241   0.99997115  0.9139655
   0.99997115  0.1873289   0.99997115  0.9139655   0.99997115  0.5542241
   0.99997115  0.9139655   0.99997115  0.00186079  0.99997115  0.9139655
   0.99997115  0.5542241   0.99997115  0.9139655   0.99997115  0.1873289
   0.99997115  0.9139655   0.99997115  0.5542241   0.99997115  0.9139655
   0.99997115  0.30062556  0.99997115  0.9139655   0.99997115  0.5542241
   0.99997115  0.9139655   0.99997115  0.1873289   0.99997115  0.9139655
   0.99997115  0.5542241   0.99997115  0.9139655   0.99997115  0.00186079
   0.99997115  0.9139655   0.99997115  0.5542241   0.99997115  0.9139655
   0.99997115  0.1873289   0.99997115  0.9139655   0.99997115  0.5542241
   0.99997115  0.9139655   0.99997115  0.8602314   0.99997115  0.9139655
   0.99997115  0.5542241   0.99997115  0.9139655   0.99997115  0.1873289
   0.99997115  0.9139655   0.99997115  0.5542241   0.99997115  0.9139655
   0.99997115  0.00186079  0.99997115  0.9139655   0.99997115  0.5542241
   0.99997115  0.9139655   0.99997115  0.1873289   0.99997115  0.9139655
   0.99997115  0.5542241   0.99997115  0.9139655   0.99997115  0.30062556
   0.99997115  0.9139655   0.99997115  0.5542241   0.99997115  0.9139655
   0.99997115  0.1873289   0.99997115  0.9139655   0.99997115  0.5542241
   0.99997115  0.9139655   0.99997115  0.00186079  0.99997115  0.9139655
   0.99997115  0.5542241   0.99997115  0.9139655   0.99997115  0.1873289
   0.99997115  0.9139655   0.99997115  0.5542241   0.99997115  0.9139655
   0.99997115  0.6972031   0.99997115  0.9139655   0.99997115  0.5542241
   0.99997115  0.9139655   0.99997115  0.1873289   0.99997115  0.9139655
   0.99997115  0.5542241   0.99997115  0.9139655   0.99997115  0.00186079
   0.99997115  0.9139655   0.99997115  0.5542241   0.99997115  0.9139655
   0.99997115  0.1873289   0.99997115  0.9139655   0.99997115  0.5542241
   0.99997115  0.9139655   0.99997115  0.30062556  0.99997115  0.9139655
   0.99997115  0.5542241   0.99997115  0.9139655   0.99997115  0.1873289
   0.99997115  0.9139655   0.99997115  0.5542241   0.99997115  0.9139655
   0.99997115  0.00186079  0.99997115  0.9139655   0.99997115  0.5542241
   0.99997115  0.9139655   0.99997115  0.1873289   0.99997115  0.9139655
   0.99997115  0.5542241   0.99997115  0.9139655   0.99997115  0.8488533
   0.99997115  0.9139655   0.99997115  0.5542241   0.99997115  0.9139655
   0.99997115  0.1873289   0.99997115  0.9139655   0.99997115  0.5542241
   0.99997115  0.9139655   0.99997115  0.00186079  0.99997115  0.9139655
   0.99997115  0.5542241   0.99997115  0.9139655   0.99997115  0.1873289
   0.99997115  0.9139655   0.99997115  0.5542241   0.99997115  0.9139655
   0.99997115  0.30062556  0.99997115  0.9139655   0.99997115  0.5542241
   0.99997115  0.9139655   0.99997115  0.1873289   0.99997115  0.9139655
   0.99997115  0.5542241   0.99997115  0.9139655   0.99997115  0.00186079
   0.99997115  0.9139655   0.99997115  0.5542241   0.99997115  0.9139655
   0.99997115  0.1873289   0.99997115  0.9139655   0.99997115  0.5542241
   0.99997115  0.9139655   0.99997115  0.6972031   0.99997115  0.9139655
   0.99997115  0.5542241   0.99997115  0.9139655   0.99997115  0.1873289
   0.99997115  0.9139655   0.99997115  0.5542241   0.99997115  0.9139655
   0.99997115  0.00186079  0.99997115  0.9139655   0.99997115  0.5542241
   0.99997115  0.9139655   0.99997115  0.1873289   0.99997115  0.9139655
   0.99997115  0.5542241   0.99997115  0.9139655   0.99997115  0.30062556
   0.99997115  0.9139655   0.99997115  0.5542241   0.99997115  0.9139655
   0.99997115  0.1873289   0.99997115  0.9139655 ]], 函数值: 62.607166
12/29 01:37:15 AM    最优函数值: 0
12/29 01:37:15 AM    |f(xk) - f(x*)|: 62.6071662902832
12/29 01:37:15 AM    ||g_k||: 1.984665
12/29 01:37:15 AM    CPU时间（ms）: 505.12983499999996
