Namespace(criterion_method='strong_wolfe', eps=1e-06, func_name='extended_rosenbrock', init_alpha=0.5, m=100, max_iters=10000.0, opt_method='lbfgs', rho=0.0001, sigma=0.9, stepsize_method='interpolate22')
12/29 01:13:16 AM ***** Final Results *****
12/29 01:13:16 AM    迭代次数(ite): 9999
12/29 01:13:16 AM    函数调用次数(feva): 1722141
12/29 01:13:16 AM    迭代点的 x 值: [[nan nan nan nan nan nan nan nan nan nan nan nan nan nan nan nan nan nan
  nan nan nan nan nan nan nan nan nan nan nan nan nan nan nan nan nan nan
  nan nan nan nan nan nan nan nan nan nan nan nan nan nan nan nan nan nan
  nan nan nan nan nan nan nan nan nan nan nan nan nan nan nan nan nan nan
  nan nan nan nan nan nan nan nan nan nan nan nan nan nan nan nan nan nan
  nan nan nan nan nan nan nan nan nan nan]], 函数值: nan
12/29 01:13:16 AM    最优函数值: 0
12/29 01:13:16 AM    |f(xk) - f(x*)|: nan
12/29 01:13:16 AM    ||g_k||: nan
12/29 01:13:16 AM    CPU时间（ms）: 486.28781599999996
/Users/ivory/LocalFile/study/博一/课程/最优化/我的上机作业/dyf/Optimization-python/methods/lbfgs.py:16: RuntimeWarning: overflow encountered in true_divide
  rho[i] = 1 / (S[i].T @ Y[i])  # @?
/Users/ivory/LocalFile/study/博一/课程/最优化/我的上机作业/dyf/Optimization-python/methods/lbfgs.py:22: RuntimeWarning: invalid value encountered in multiply
  q[i] = q[i + 1] - alpha[i] * Y[i]
/Users/ivory/LocalFile/study/博一/课程/最优化/我的上机作业/dyf/Optimization-python/methods/lbfgs.py:30: RuntimeWarning: invalid value encountered in multiply
  beta[i] = rho[i] * Y[i].T @ r
