Namespace(criterion_method='strong_wolfe', eps=1e-06, func_name='extended_rosenbrock', init_alpha=0.5, m=100, max_iters=10000.0, opt_method='fr-prp', rho=0.0001, sigma=0.9, stepsize_method='interpolate22')
12/29 12:55:53 AM ***** Final Results *****
12/29 12:55:53 AM    迭代次数(ite): 9999
12/29 12:55:53 AM    函数调用次数(feva): 182640
12/29 12:55:53 AM    迭代点的 x 值: [[-0.82520986  0.          0.8063719   0.69128996  0.8556323   0.
   0.8556323   0.6491392   0.8556323   0.48388597  0.90071964  0.7313114
   0.90071964  0.          0.90071964  0.7313114   0.90071964  0.4207464
   0.90071964  0.7313114   0.90071964  0.23746851  0.90071964  0.81132585
   0.9801753   0.5343699   0.9801753   0.81132585  0.9801753   0.
   0.9801753   0.81132585  0.9801753   0.5343699   0.9801753   0.81132585
   0.9801753   0.17669268  0.9801753   0.81132585  0.9801753   0.5343699
   0.9801753   0.81132585  0.9801753   0.05770096  0.9801753   0.81132585
   0.9801753   0.65757924  0.9999943   0.96066344  0.9999943   0.2853284
   0.9999943   0.96066344  0.9999943   0.65757924  0.9999943   0.96066344
   0.9999943   0.          0.9999943   0.96066344  0.9999943   0.65757924
   0.9999943   0.96066344  0.9999943   0.2853284   0.9999943   0.96066344
   0.9999943   0.65757924  0.9999943   0.96066344  0.9999943   0.03111515
   0.9999943   0.96066344  0.9999943   0.65757924  0.9999943   0.96066344
   0.9999943   0.2853284   0.9999943   0.96066344  0.9999943   0.65757924
   0.9999943   0.96066344  0.9999943   0.00348253  0.9999943   0.96066344
   0.9999943   0.65757924  0.9999943   0.96066344]], 函数值: 3.5218058
12/29 12:55:53 AM    最优函数值: 0
12/29 12:55:53 AM    |f(xk) - f(x*)|: 3.521805763244629
12/29 12:55:53 AM    ||g_k||: 1.3356797
12/29 12:55:53 AM    CPU时间（ms）: 58.278297
