Namespace(criterion_method='strong_wolfe', eps=1e-06, func_name='extended_rosenbrock', init_alpha=0.5, m=1000, max_iters=10000.0, opt_method='prp+', rho=0.0001, sigma=0.9, stepsize_method='interpolate22')
12/29 01:34:52 AM ***** Final Results *****
12/29 01:34:52 AM    迭代次数(ite): 9999
12/29 01:34:52 AM    函数调用次数(feva): 118311
12/29 01:34:52 AM    迭代点的 x 值: [[-0.99172616  0.         -0.9899556   0.9948029  -0.9899556   0.
  -0.9870058   0.99263585 -0.9870058   0.99244946 -0.9870058   0.99263585
  -0.9870058   0.         -0.9489177   0.9842426  -0.9489177   0.98591757
  -0.9489177   0.9842426  -0.9489177   0.9902956  -0.9489177   0.9842426
  -0.9489177   0.98591757 -0.9489177   0.9842426  -0.9489177   0.
   0.7172992   0.910656    0.7172992   0.9738379   0.7172992   0.910656
   0.7172992   0.9798082   0.7172992   0.910656    0.7172992   0.9738379
   0.7172992   0.910656    0.7172992   0.97920907  0.7172992   0.910656
   0.7172992   0.9738379   0.7172992   0.910656    0.7172992   0.9798082
   0.7172992   0.910656    0.7172992   0.9738379   0.7172992   0.910656
   0.8224202   0.          0.8224202   0.512884    0.8224202   0.8347861
   0.8224202   0.512884    0.8224202   0.950967    0.8224202   0.512884
   0.8224202   0.8347861   0.8224202   0.512884    0.8224202   0.9566365
   0.8224202   0.512884    0.8224202   0.8347861   0.8224202   0.512884
   0.8224202   0.950967    0.8224202   0.512884    0.8224202   0.8347861
   0.8224202   0.512884    0.8224202   0.9618161   0.8224202   0.512884
   0.8224202   0.8347861   0.8224202   0.512884    0.8224202   0.950967
   0.8224202   0.512884    0.8224202   0.8347861   0.8224202   0.512884
   0.8224202   0.9566365   0.8224202   0.512884    0.8224202   0.8347861
   0.8224202   0.512884    0.8224202   0.950967    0.8224202   0.512884
   0.8224202   0.8347861   0.8224202   0.67537975  0.87139803  0.
   0.87139803  0.67537975  0.87139803  0.26213497  0.87139803  0.67537975
   0.87139803  0.69993013  0.87139803  0.67537975  0.87139803  0.26213497
   0.87139803  0.67537975  0.87139803  0.90568036  0.87139803  0.67537975
   0.87139803  0.26213497  0.87139803  0.67537975  0.87139803  0.69993013
   0.87139803  0.67537975  0.87139803  0.26213497  0.87139803  0.67537975
   0.87139803  0.91917795  0.87139803  0.67537975  0.87139803  0.26213497
   0.87139803  0.67537975  0.87139803  0.69993013  0.87139803  0.67537975
   0.87139803  0.26213497  0.87139803  0.67537975  0.87139803  0.90568036
   0.87139803  0.67537975  0.87139803  0.26213497  0.87139803  0.67537975
   0.87139803  0.69993013  0.87139803  0.67537975  0.87139803  0.26213497
   0.87139803  0.67537975  0.87139803  0.92387784  0.87139803  0.67537975
   0.87139803  0.26213497  0.87139803  0.67537975  0.87139803  0.69993013
   0.87139803  0.67537975  0.87139803  0.26213497  0.87139803  0.67537975
   0.87139803  0.90568036  0.87139803  0.67537975  0.87139803  0.26213497
   0.87139803  0.67537975  0.87139803  0.69993013  0.87139803  0.67537975
   0.87139803  0.26213497  0.87139803  0.67537975  0.87139803  0.91917795
   0.87139803  0.67537975  0.87139803  0.26213497  0.87139803  0.67537975
   0.87139803  0.69993013  0.87139803  0.67537975  0.87139803  0.26213497
   0.87139803  0.67537975  0.87139803  0.90568036  0.87139803  0.67537975
   0.87139803  0.26213497  0.87139803  0.67537975  0.87139803  0.69993013
   0.87139803  0.67537975  0.9619404   0.4555705   0.9619404   0.7586634
   0.9619404   0.          0.9619404   0.7586634   0.9619404   0.4555705
   0.9619404   0.7586634   0.9619404   0.0683329   0.9619404   0.7586634
   0.9619404   0.4555705   0.9619404   0.7586634   0.9619404   0.4916385
   0.9619404   0.7586634   0.9619404   0.4555705   0.9619404   0.7586634
   0.9619404   0.0683329   0.9619404   0.7586634   0.9619404   0.4555705
   0.9619404   0.7586634   0.9619404   0.8209413   0.9619404   0.7586634
   0.9619404   0.4555705   0.9619404   0.7586634   0.9619404   0.0683329
   0.9619404   0.7586634   0.9619404   0.4555705   0.9619404   0.7586634
   0.9619404   0.4916385   0.9619404   0.7586634   0.9619404   0.4555705
   0.9619404   0.7586634   0.9619404   0.0683329   0.9619404   0.7586634
   0.9619404   0.4555705   0.9619404   0.7586634   0.9619404   0.8433947
   0.9619404   0.7586634   0.9619404   0.4555705   0.9619404   0.7586634
   0.9619404   0.0683329   0.9619404   0.7586634   0.9619404   0.4555705
   0.9619404   0.7586634   0.9619404   0.4916385   0.9619404   0.7586634
   0.9619404   0.4555705   0.9619404   0.7586634   0.9619404   0.0683329
   0.9619404   0.7586634   0.9619404   0.4555705   0.9619404   0.7586634
   0.9619404   0.8209413   0.9619404   0.7586634   0.9619404   0.4555705
   0.9619404   0.7586634   0.9619404   0.0683329   0.9619404   0.7586634
   0.9619404   0.4555705   0.9619404   0.7586634   0.9619404   0.4916385
   0.9619404   0.7586634   0.9619404   0.4555705   0.9619404   0.7586634
   0.9619404   0.0683329   0.9619404   0.7586634   0.9619404   0.4555705
   0.9619404   0.7586634   0.9619404   0.85455585  0.9619404   0.7586634
   0.9619404   0.4555705   0.9619404   0.7586634   0.9619404   0.0683329
   0.9619404   0.7586634   0.9619404   0.4555705   0.9619404   0.7586634
   0.9619404   0.4916385   0.9619404   0.7586634   0.9619404   0.4555705
   0.9619404   0.7586634   0.9619404   0.0683329   0.9619404   0.7586634
   0.9619404   0.4555705   0.9619404   0.7586634   0.9619404   0.8209413
   0.9619404   0.7586634   0.9619404   0.4555705   0.9619404   0.7586634
   0.9619404   0.0683329   0.9619404   0.7586634   0.9619404   0.4555705
   0.9619404   0.7586634   0.9619404   0.4916385   0.9619404   0.7586634
   0.9619404   0.4555705   0.9619404   0.7586634   0.9619404   0.0683329
   0.9619404   0.7586634   0.9619404   0.4555705   0.9619404   0.7586634
   0.9619404   0.8433947   0.9619404   0.7586634   0.9619404   0.4555705
   0.9619404   0.7586634   0.9619404   0.0683329   0.9619404   0.7586634
   0.9619404   0.4555705   0.9619404   0.7586634   0.9619404   0.4916385
   0.9619404   0.7586634   0.9619404   0.4555705   0.9619404   0.7586634
   0.9619404   0.0683329   0.9619404   0.7586634   0.9619404   0.4555705
   0.9619404   0.7586634   0.9619404   0.8209413   0.9619404   0.7586634
   0.9619404   0.4555705   0.9619404   0.7586634   0.9619404   0.0683329
   0.9619404   0.7586634   0.9619404   0.4555705   0.9619404   0.7586634
   0.9619404   0.4916385   0.9619404   0.7586634   0.9619404   0.4555705
   0.9619404   0.9251735   0.9999752   0.20726189  0.9999752   0.9251735
   0.9999752   0.57526165  0.9999752   0.9251735   0.9999752   0.
   0.9999752   0.9251735   0.9999752   0.57526165  0.9999752   0.9251735
   0.9999752   0.20726189  0.9999752   0.9251735   0.9999752   0.57526165
   0.9999752   0.9251735   0.9999752   0.00461838  0.9999752   0.9251735
   0.9999752   0.57526165  0.9999752   0.9251735   0.9999752   0.20726189
   0.9999752   0.9251735   0.9999752   0.57526165  0.9999752   0.9251735
   0.9999752   0.24257609  0.9999752   0.9251735   0.9999752   0.57526165
   0.9999752   0.9251735   0.9999752   0.20726189  0.9999752   0.9251735
   0.9999752   0.57526165  0.9999752   0.9251735   0.9999752   0.00461838
   0.9999752   0.9251735   0.9999752   0.57526165  0.9999752   0.9251735
   0.9999752   0.20726189  0.9999752   0.9251735   0.9999752   0.57526165
   0.9999752   0.9251735   0.9999752   0.67424875  0.9999752   0.9251735
   0.9999752   0.57526165  0.9999752   0.9251735   0.9999752   0.20726189
   0.9999752   0.9251735   0.9999752   0.57526165  0.9999752   0.9251735
   0.9999752   0.00461838  0.9999752   0.9251735   0.9999752   0.57526165
   0.9999752   0.9251735   0.9999752   0.20726189  0.9999752   0.9251735
   0.9999752   0.57526165  0.9999752   0.9251735   0.9999752   0.24257609
   0.9999752   0.9251735   0.9999752   0.57526165  0.9999752   0.9251735
   0.9999752   0.20726189  0.9999752   0.9251735   0.9999752   0.57526165
   0.9999752   0.9251735   0.9999752   0.00461838  0.9999752   0.9251735
   0.9999752   0.57526165  0.9999752   0.9251735   0.9999752   0.20726189
   0.9999752   0.9251735   0.9999752   0.57526165  0.9999752   0.9251735
   0.9999752   0.7121506   0.9999752   0.9251735   0.9999752   0.57526165
   0.9999752   0.9251735   0.9999752   0.20726189  0.9999752   0.9251735
   0.9999752   0.57526165  0.9999752   0.9251735   0.9999752   0.00461838
   0.9999752   0.9251735   0.9999752   0.57526165  0.9999752   0.9251735
   0.9999752   0.20726189  0.9999752   0.9251735   0.9999752   0.57526165
   0.9999752   0.9251735   0.9999752   0.24257609  0.9999752   0.9251735
   0.9999752   0.57526165  0.9999752   0.9251735   0.9999752   0.20726189
   0.9999752   0.9251735   0.9999752   0.57526165  0.9999752   0.9251735
   0.9999752   0.00461838  0.9999752   0.9251735   0.9999752   0.57526165
   0.9999752   0.9251735   0.9999752   0.20726189  0.9999752   0.9251735
   0.9999752   0.57526165  0.9999752   0.9251735   0.9999752   0.67424875
   0.9999752   0.9251735   0.9999752   0.57526165  0.9999752   0.9251735
   0.9999752   0.20726189  0.9999752   0.9251735   0.9999752   0.57526165
   0.9999752   0.9251735   0.9999752   0.00461838  0.9999752   0.9251735
   0.9999752   0.57526165  0.9999752   0.9251735   0.9999752   0.20726189
   0.9999752   0.9251735   0.9999752   0.57526165  0.9999752   0.9251735
   0.9999752   0.24257609  0.9999752   0.9251735   0.9999752   0.57526165
   0.9999752   0.9251735   0.9999752   0.20726189  0.9999752   0.9251735
   0.9999752   0.57526165  0.9999752   0.9251735   0.9999752   0.00461838
   0.9999752   0.9251735   0.9999752   0.57526165  0.9999752   0.9251735
   0.9999752   0.20726189  0.9999752   0.9251735   0.9999752   0.57526165
   0.9999752   0.9251735   0.9999752   0.7300328   0.9999752   0.9251735
   0.9999752   0.57526165  0.9999752   0.9251735   0.9999752   0.20726189
   0.9999752   0.9251735   0.9999752   0.57526165  0.9999752   0.9251735
   0.9999752   0.00461838  0.9999752   0.9251735   0.9999752   0.57526165
   0.9999752   0.9251735   0.9999752   0.20726189  0.9999752   0.9251735
   0.9999752   0.57526165  0.9999752   0.9251735   0.9999752   0.24257609
   0.9999752   0.9251735   0.9999752   0.57526165  0.9999752   0.9251735
   0.9999752   0.20726189  0.9999752   0.9251735   0.9999752   0.57526165
   0.9999752   0.9251735   0.9999752   0.00461838  0.9999752   0.9251735
   0.9999752   0.57526165  0.9999752   0.9251735   0.9999752   0.20726189
   0.9999752   0.9251735   0.9999752   0.57526165  0.9999752   0.9251735
   0.9999752   0.67424875  0.9999752   0.9251735   0.9999752   0.57526165
   0.9999752   0.9251735   0.9999752   0.20726189  0.9999752   0.9251735
   0.9999752   0.57526165  0.9999752   0.9251735   0.9999752   0.00461838
   0.9999752   0.9251735   0.9999752   0.57526165  0.9999752   0.9251735
   0.9999752   0.20726189  0.9999752   0.9251735   0.9999752   0.57526165
   0.9999752   0.9251735   0.9999752   0.24257609  0.9999752   0.9251735
   0.9999752   0.57526165  0.9999752   0.9251735   0.9999752   0.20726189
   0.9999752   0.9251735   0.9999752   0.57526165  0.9999752   0.9251735
   0.9999752   0.00461838  0.9999752   0.9251735   0.9999752   0.57526165
   0.9999752   0.9251735   0.9999752   0.20726189  0.9999752   0.9251735
   0.9999752   0.57526165  0.9999752   0.9251735   0.9999752   0.7121506
   0.9999752   0.9251735   0.9999752   0.57526165  0.9999752   0.9251735
   0.9999752   0.20726189  0.9999752   0.9251735   0.9999752   0.57526165
   0.9999752   0.9251735   0.9999752   0.00461838  0.9999752   0.9251735
   0.9999752   0.57526165  0.9999752   0.9251735   0.9999752   0.20726189
   0.9999752   0.9251735   0.9999752   0.57526165  0.9999752   0.9251735
   0.9999752   0.24257609  0.9999752   0.9251735   0.9999752   0.57526165
   0.9999752   0.9251735   0.9999752   0.20726189  0.9999752   0.9251735
   0.9999752   0.57526165  0.9999752   0.9251735   0.9999752   0.00461838
   0.9999752   0.9251735   0.9999752   0.57526165  0.9999752   0.9251735
   0.9999752   0.20726189  0.9999752   0.9251735   0.9999752   0.57526165
   0.9999752   0.9251735   0.9999752   0.67424875  0.9999752   0.9251735
   0.9999752   0.57526165  0.9999752   0.9251735   0.9999752   0.20726189
   0.9999752   0.9251735   0.9999752   0.57526165  0.9999752   0.9251735
   0.9999752   0.00461838  0.9999752   0.9251735   0.9999752   0.57526165
   0.9999752   0.9251735   0.9999752   0.20726189  0.9999752   0.9251735
   0.9999752   0.57526165  0.9999752   0.9251735   0.9999752   0.24257609
   0.9999752   0.9251735   0.9999752   0.57526165  0.9999752   0.9251735
   0.9999752   0.20726189  0.9999752   0.9251735 ]], 函数值: 61.735798
12/29 01:34:52 AM    最优函数值: 0
12/29 01:34:52 AM    |f(xk) - f(x*)|: 61.73579788208008
12/29 01:34:52 AM    ||g_k||: 8.606656
12/29 01:34:52 AM    CPU时间（ms）: 415.309971
