Namespace(criterion_method='strong_wolfe', eps=1e-06, func_name='extended_rosenbrock', init_alpha=0.5, m=1000, max_iters=10000.0, opt_method='dy', rho=0.0001, sigma=0.9, stepsize_method='interpolate22')
12/29 01:47:47 AM ***** Final Results *****
12/29 01:47:47 AM    迭代次数(ite): 9999
12/29 01:47:47 AM    函数调用次数(feva): 164818
12/29 01:47:47 AM    迭代点的 x 值: [[ 9.2301035e-01 -1.1165138e-05  9.2224729e-01  8.5137731e-01
   9.2224729e-01  1.6938051e-06  9.2268574e-01  8.4856021e-01
   9.2268574e-01  7.2474867e-01  9.2268574e-01  8.4856021e-01
   9.2268574e-01 -3.1534485e-06  9.2207623e-01  8.5121274e-01
   9.2207623e-01  7.2172964e-01  9.2207623e-01  8.5121274e-01
   9.2207623e-01  5.2500486e-01  9.2207623e-01  8.5121274e-01
   9.2207623e-01  7.2172964e-01  9.2207623e-01  8.5121274e-01
   9.2207623e-01 -6.8140571e-06  9.2416948e-01  8.5084498e-01
   9.2416948e-01  7.2401452e-01  9.2416948e-01  8.5084498e-01
   9.2416948e-01  5.1975226e-01  9.2416948e-01  8.5084498e-01
   9.2416948e-01  7.2401452e-01  9.2416948e-01  8.5084498e-01
   9.2416948e-01  2.7551341e-01  9.2416948e-01  8.5084498e-01
   9.2416948e-01  7.2401452e-01  9.2416948e-01  8.5084498e-01
   9.2416948e-01  5.1975226e-01  9.2416948e-01  8.5084498e-01
   9.2416948e-01  7.2401452e-01  9.2416948e-01  8.5084498e-01
   9.3789381e-01 -5.3475019e-06  9.3789381e-01  8.6283654e-01
   9.3789381e-01  7.2266167e-01  9.3789381e-01  8.6283654e-01
   9.3789381e-01  5.2416617e-01  9.3789381e-01  8.6283654e-01
   9.3789381e-01  7.2266167e-01  9.3789381e-01  8.6283654e-01
   9.3789381e-01  2.7023795e-01  9.3789381e-01  8.6283654e-01
   9.3789381e-01  7.2266167e-01  9.3789381e-01  8.6283654e-01
   9.3789381e-01  5.2416617e-01  9.3789381e-01  8.6283654e-01
   9.3789381e-01  7.2266167e-01  9.3789381e-01  8.6283654e-01
   9.3789381e-01  7.5815842e-02  9.3789381e-01  8.6283654e-01
   9.3789381e-01  7.2266167e-01  9.3789381e-01  8.6283654e-01
   9.3789381e-01  5.2416617e-01  9.3789381e-01  8.6283654e-01
   9.3789381e-01  7.2266167e-01  9.3789381e-01  8.6283654e-01
   9.3789381e-01  2.7023795e-01  9.3789381e-01  8.6283654e-01
   9.3789381e-01  7.2266167e-01  9.3789381e-01  8.6283654e-01
   9.3789381e-01  5.2416617e-01  9.3789381e-01  8.6283654e-01
   9.3789381e-01  7.2266167e-01  9.3789446e-01  8.7730438e-01
   9.8483932e-01 -9.6291769e-06  9.8483932e-01  8.7730438e-01
   9.8483932e-01  7.3438680e-01  9.8483932e-01  8.7730438e-01
   9.8483932e-01  5.2260369e-01  9.8483932e-01  8.7730438e-01
   9.8483932e-01  7.3438680e-01  9.8483932e-01  8.7730438e-01
   9.8483932e-01  2.7457705e-01  9.8483932e-01  8.7730438e-01
   9.8483932e-01  7.3438680e-01  9.8483932e-01  8.7730438e-01
   9.8483932e-01  5.2260369e-01  9.8483932e-01  8.7730438e-01
   9.8483932e-01  7.3438680e-01  9.8483932e-01  8.7730438e-01
   9.8483932e-01  7.2946876e-02  9.8483932e-01  8.7730438e-01
   9.8483932e-01  7.3438680e-01  9.8483932e-01  8.7730438e-01
   9.8483932e-01  5.2260369e-01  9.8483932e-01  8.7730438e-01
   9.8483932e-01  7.3438680e-01  9.8483932e-01  8.7730438e-01
   9.8483932e-01  2.7457705e-01  9.8483932e-01  8.7730438e-01
   9.8483932e-01  7.3438680e-01  9.8483932e-01  8.7730438e-01
   9.8483932e-01  5.2260369e-01  9.8483932e-01  8.7730438e-01
   9.8483932e-01  7.3438680e-01  9.8483932e-01  8.7730438e-01
   9.8483932e-01  5.7366756e-03  9.8483932e-01  8.7730438e-01
   9.8483932e-01  7.3438680e-01  9.8483932e-01  8.7730438e-01
   9.8483932e-01  5.2260369e-01  9.8483932e-01  8.7730438e-01
   9.8483932e-01  7.3438680e-01  9.8483932e-01  8.7730438e-01
   9.8483932e-01  2.7457705e-01  9.8483932e-01  8.7730438e-01
   9.8483932e-01  7.3438680e-01  9.8483932e-01  8.7730438e-01
   9.8483932e-01  5.2260369e-01  9.8483932e-01  8.7730438e-01
   9.8483932e-01  7.3438680e-01  9.8483932e-01  8.7730438e-01
   9.8483932e-01  7.2946876e-02  9.8483932e-01  8.7730438e-01
   9.8483932e-01  7.3438680e-01  9.8483932e-01  8.7730438e-01
   9.8483932e-01  5.2260369e-01  9.8483932e-01  8.7730438e-01
   9.8483932e-01  7.3438680e-01  9.8483932e-01  8.7730438e-01
   9.8483932e-01  2.7457705e-01  9.8483932e-01  8.7730438e-01
   9.8483932e-01  7.3438680e-01  9.8483932e-01  8.7730438e-01
   9.8483932e-01  5.2260369e-01  9.8483932e-01  8.7730354e-01
   1.0089258e+00  7.7169645e-01  1.0089258e+00  9.6737039e-01
   1.0089258e+00 -1.3056019e-05  1.0089258e+00  9.6737039e-01
   1.0089258e+00  7.7169645e-01  1.0089258e+00  9.6737039e-01
   1.0089258e+00  5.4437727e-01  1.0089258e+00  9.6737039e-01
   1.0089258e+00  7.7169645e-01  1.0089258e+00  9.6737039e-01
   1.0089258e+00  2.7278456e-01  1.0089258e+00  9.6737039e-01
   1.0089258e+00  7.7169645e-01  1.0089258e+00  9.6737039e-01
   1.0089258e+00  5.4437727e-01  1.0089258e+00  9.6737039e-01
   1.0089258e+00  7.7169645e-01  1.0089258e+00  9.6737039e-01
   1.0089258e+00  7.5317383e-02  1.0089258e+00  9.6737039e-01
   1.0089258e+00  7.7169645e-01  1.0089258e+00  9.6737039e-01
   1.0089258e+00  5.4437727e-01  1.0089258e+00  9.6737039e-01
   1.0089258e+00  7.7169645e-01  1.0089258e+00  9.6737039e-01
   1.0089258e+00  2.7278456e-01  1.0089258e+00  9.6737039e-01
   1.0089258e+00  7.7169645e-01  1.0089258e+00  9.6737039e-01
   1.0089258e+00  5.4437727e-01  1.0089258e+00  9.6737039e-01
   1.0089258e+00  7.7169645e-01  1.0089258e+00  9.6737039e-01
   1.0089258e+00  5.3299642e-03  1.0089258e+00  9.6737039e-01
   1.0089258e+00  7.7169645e-01  1.0089258e+00  9.6737039e-01
   1.0089258e+00  5.4437727e-01  1.0089258e+00  9.6737039e-01
   1.0089258e+00  7.7169645e-01  1.0089258e+00  9.6737039e-01
   1.0089258e+00  2.7278456e-01  1.0089258e+00  9.6737039e-01
   1.0089258e+00  7.7169645e-01  1.0089258e+00  9.6737039e-01
   1.0089258e+00  5.4437727e-01  1.0089258e+00  9.6737039e-01
   1.0089258e+00  7.7169645e-01  1.0089258e+00  9.6737039e-01
   1.0089258e+00  7.5317383e-02  1.0089258e+00  9.6737039e-01
   1.0089258e+00  7.7169645e-01  1.0089258e+00  9.6737039e-01
   1.0089258e+00  5.4437727e-01  1.0089258e+00  9.6737039e-01
   1.0089258e+00  7.7169645e-01  1.0089258e+00  9.6737039e-01
   1.0089258e+00  2.7278456e-01  1.0089258e+00  9.6737039e-01
   1.0089258e+00  7.7169645e-01  1.0089258e+00  9.6737039e-01
   1.0089258e+00  5.4437727e-01  1.0089258e+00  9.6737039e-01
   1.0089258e+00  7.7169645e-01  1.0089258e+00  9.6737039e-01
   1.0089258e+00  3.3347431e-05  1.0089258e+00  9.6737039e-01
   1.0089258e+00  7.7169645e-01  1.0089258e+00  9.6737039e-01
   1.0089258e+00  5.4437727e-01  1.0089258e+00  9.6737039e-01
   1.0089258e+00  7.7169645e-01  1.0089258e+00  9.6737039e-01
   1.0089258e+00  2.7278456e-01  1.0089258e+00  9.6737039e-01
   1.0089258e+00  7.7169645e-01  1.0089258e+00  9.6737039e-01
   1.0089258e+00  5.4437727e-01  1.0089258e+00  9.6737039e-01
   1.0089258e+00  7.7169645e-01  1.0089258e+00  9.6737039e-01
   1.0089258e+00  7.5317383e-02  1.0089258e+00  9.6737039e-01
   1.0089258e+00  7.7169645e-01  1.0089258e+00  9.6737039e-01
   1.0089258e+00  5.4437727e-01  1.0089258e+00  9.6737039e-01
   1.0089258e+00  7.7169645e-01  1.0089258e+00  9.6737039e-01
   1.0089258e+00  2.7278456e-01  1.0089258e+00  9.6737039e-01
   1.0089258e+00  7.7169645e-01  1.0089258e+00  9.6737039e-01
   1.0089258e+00  5.4437727e-01  1.0089258e+00  9.6737039e-01
   1.0089258e+00  7.7169645e-01  1.0089258e+00  9.6737039e-01
   1.0089258e+00  5.3299642e-03  1.0089258e+00  9.6737039e-01
   1.0089258e+00  7.7169645e-01  1.0089258e+00  9.6737039e-01
   1.0089258e+00  5.4437727e-01  1.0089258e+00  9.6737039e-01
   1.0089258e+00  7.7169645e-01  1.0089258e+00  9.6737039e-01
   1.0089258e+00  2.7278456e-01  1.0089258e+00  9.6737039e-01
   1.0089258e+00  7.7169645e-01  1.0089258e+00  9.6737039e-01
   1.0089258e+00  5.4437727e-01  1.0089258e+00  9.6737039e-01
   1.0089258e+00  7.7169645e-01  1.0089258e+00  9.6737039e-01
   1.0089258e+00  7.5317383e-02  1.0089258e+00  9.6737039e-01
   1.0089258e+00  7.7169645e-01  1.0089258e+00  9.6737039e-01
   1.0089258e+00  5.4437727e-01  1.0089258e+00  9.6737039e-01
   1.0089258e+00  7.7169645e-01  1.0089258e+00  9.6737039e-01
   1.0089258e+00  2.7278456e-01  1.0089258e+00  9.6737039e-01
   1.0089258e+00  7.7169317e-01  1.0089258e+00  1.0184765e+00
   1.0096498e+00  5.9431088e-01  1.0096498e+00  1.0184765e+00
   1.0096498e+00  9.3816143e-01  1.0096498e+00  1.0184765e+00
   1.0096498e+00 -9.1524644e-06  1.0096498e+00  1.0184765e+00
   1.0096498e+00  9.3816143e-01  1.0096498e+00  1.0184765e+00
   1.0096498e+00  5.9431088e-01  1.0096498e+00  1.0184765e+00
   1.0096498e+00  9.3816143e-01  1.0096498e+00  1.0184765e+00
   1.0096498e+00  2.9491085e-01  1.0096498e+00  1.0184765e+00
   1.0096498e+00  9.3816143e-01  1.0096498e+00  1.0184765e+00
   1.0096498e+00  5.9431088e-01  1.0096498e+00  1.0184765e+00
   1.0096498e+00  9.3816143e-01  1.0096498e+00  1.0184765e+00
   1.0096498e+00  7.4366763e-02  1.0096498e+00  1.0184765e+00
   1.0096498e+00  9.3816143e-01  1.0096498e+00  1.0184765e+00
   1.0096498e+00  5.9431088e-01  1.0096498e+00  1.0184765e+00
   1.0096498e+00  9.3816143e-01  1.0096498e+00  1.0184765e+00
   1.0096498e+00  2.9491085e-01  1.0096498e+00  1.0184765e+00
   1.0096498e+00  9.3816143e-01  1.0096498e+00  1.0184765e+00
   1.0096498e+00  5.9431088e-01  1.0096498e+00  1.0184765e+00
   1.0096498e+00  9.3816143e-01  1.0096498e+00  1.0184765e+00
   1.0096498e+00  5.6752590e-03  1.0096498e+00  1.0184765e+00
   1.0096498e+00  9.3816143e-01  1.0096498e+00  1.0184765e+00
   1.0096498e+00  5.9431088e-01  1.0096498e+00  1.0184765e+00
   1.0096498e+00  9.3816143e-01  1.0096498e+00  1.0184765e+00
   1.0096498e+00  2.9491085e-01  1.0096498e+00  1.0184765e+00
   1.0096498e+00  9.3816143e-01  1.0096498e+00  1.0184765e+00
   1.0096498e+00  5.9431088e-01  1.0096498e+00  1.0184765e+00
   1.0096498e+00  9.3816143e-01  1.0096498e+00  1.0184765e+00
   1.0096498e+00  7.4366763e-02  1.0096498e+00  1.0184765e+00
   1.0096498e+00  9.3816143e-01  1.0096498e+00  1.0184765e+00
   1.0096498e+00  5.9431088e-01  1.0096498e+00  1.0184765e+00
   1.0096498e+00  9.3816143e-01  1.0096498e+00  1.0184765e+00
   1.0096498e+00  2.9491085e-01  1.0096498e+00  1.0184765e+00
   1.0096498e+00  9.3816143e-01  1.0096498e+00  1.0184765e+00
   1.0096498e+00  5.9431088e-01  1.0096498e+00  1.0184765e+00
   1.0096498e+00  9.3816143e-01  1.0096498e+00  1.0184765e+00
   1.0096498e+00  3.5701993e-05  1.0096498e+00  1.0184765e+00
   1.0096498e+00  9.3816143e-01  1.0096498e+00  1.0184765e+00
   1.0096498e+00  5.9431088e-01  1.0096498e+00  1.0184765e+00
   1.0096498e+00  9.3816143e-01  1.0096498e+00  1.0184765e+00
   1.0096498e+00  2.9491085e-01  1.0096498e+00  1.0184765e+00
   1.0096498e+00  9.3816143e-01  1.0096498e+00  1.0184765e+00
   1.0096498e+00  5.9431088e-01  1.0096498e+00  1.0184765e+00
   1.0096498e+00  9.3816143e-01  1.0096498e+00  1.0184765e+00
   1.0096498e+00  7.4366763e-02  1.0096498e+00  1.0184765e+00
   1.0096498e+00  9.3816143e-01  1.0096498e+00  1.0184765e+00
   1.0096498e+00  5.9431088e-01  1.0096498e+00  1.0184765e+00
   1.0096498e+00  9.3816143e-01  1.0096498e+00  1.0184765e+00
   1.0096498e+00  2.9491085e-01  1.0096498e+00  1.0184765e+00
   1.0096498e+00  9.3816143e-01  1.0096498e+00  1.0184765e+00
   1.0096498e+00  5.9431088e-01  1.0096498e+00  1.0184765e+00
   1.0096498e+00  9.3816143e-01  1.0096498e+00  1.0184765e+00
   1.0096498e+00  5.6752590e-03  1.0096498e+00  1.0184765e+00
   1.0096498e+00  9.3816143e-01  1.0096498e+00  1.0184765e+00
   1.0096498e+00  5.9431088e-01  1.0096498e+00  1.0184765e+00
   1.0096498e+00  9.3816143e-01  1.0096498e+00  1.0184765e+00
   1.0096498e+00  2.9491085e-01  1.0096498e+00  1.0184765e+00
   1.0096498e+00  9.3816143e-01  1.0096498e+00  1.0184765e+00
   1.0096498e+00  5.9431088e-01  1.0096498e+00  1.0184765e+00
   1.0096498e+00  9.3816143e-01  1.0096498e+00  1.0184765e+00
   1.0096498e+00  7.4366763e-02  1.0096498e+00  1.0184765e+00
   1.0096498e+00  9.3816143e-01  1.0096498e+00  1.0184765e+00
   1.0096498e+00  5.9431088e-01  1.0096498e+00  1.0184765e+00
   1.0096498e+00  9.3816143e-01  1.0096498e+00  1.0184765e+00
   1.0096498e+00  2.9491085e-01  1.0096498e+00  1.0184765e+00
   1.0096498e+00  9.3816143e-01  1.0096498e+00  1.0184765e+00
   1.0096498e+00  5.9431088e-01  1.0096498e+00  1.0184765e+00
   1.0096498e+00  9.3816143e-01  1.0096498e+00  1.0184765e+00
   1.0096498e+00  2.8842553e-06  1.0096498e+00  1.0184765e+00
   1.0096498e+00  9.3816143e-01  1.0096498e+00  1.0184765e+00
   1.0096498e+00  5.9431088e-01  1.0096498e+00  1.0184765e+00
   1.0096498e+00  9.3816143e-01  1.0096498e+00  1.0184765e+00
   1.0096498e+00  2.9491085e-01  1.0096498e+00  1.0184765e+00
   1.0096498e+00  9.3816143e-01  1.0096498e+00  1.0184765e+00
   1.0096498e+00  5.9431088e-01  1.0096498e+00  1.0184765e+00
   1.0096498e+00  9.3816143e-01  1.0096498e+00  1.0184765e+00
   1.0096498e+00  7.4366763e-02  1.0096498e+00  1.0184765e+00
   1.0096498e+00  9.3816143e-01  1.0096498e+00  1.0184765e+00
   1.0096498e+00  5.9431088e-01  1.0096498e+00  1.0184765e+00
   1.0096498e+00  9.3816143e-01  1.0096498e+00  1.0184765e+00
   1.0096498e+00  2.9491085e-01  1.0096498e+00  1.0184765e+00
   1.0096498e+00  9.3816143e-01  1.0096498e+00  1.0184765e+00
   1.0096498e+00  5.9431088e-01  1.0096498e+00  1.0184765e+00
   1.0096498e+00  9.3816143e-01  1.0096498e+00  1.0184765e+00
   1.0096498e+00  5.6752590e-03  1.0096498e+00  1.0184765e+00
   1.0096498e+00  9.3816143e-01  1.0096498e+00  1.0184765e+00
   1.0096498e+00  5.9431088e-01  1.0096498e+00  1.0184765e+00
   1.0096498e+00  9.3816143e-01  1.0096498e+00  1.0184765e+00
   1.0096498e+00  2.9491085e-01  1.0096498e+00  1.0184765e+00
   1.0096498e+00  9.3816143e-01  1.0096498e+00  1.0184765e+00
   1.0096498e+00  5.9431088e-01  1.0096498e+00  1.0184765e+00
   1.0096498e+00  9.3816143e-01  1.0096498e+00  1.0184765e+00
   1.0096498e+00  7.4366763e-02  1.0096498e+00  1.0184765e+00
   1.0096498e+00  9.3816143e-01  1.0096498e+00  1.0184765e+00
   1.0096498e+00  5.9431088e-01  1.0096498e+00  1.0184765e+00
   1.0096498e+00  9.3816143e-01  1.0096498e+00  1.0184765e+00
   1.0096498e+00  2.9491085e-01  1.0096498e+00  1.0184765e+00
   1.0096498e+00  9.3816143e-01  1.0096498e+00  1.0184765e+00
   1.0096498e+00  5.9431088e-01  1.0096498e+00  1.0184765e+00
   1.0096498e+00  9.3816143e-01  1.0096498e+00  1.0184765e+00
   1.0096498e+00  3.5701993e-05  1.0096498e+00  1.0184765e+00
   1.0096498e+00  9.3816143e-01  1.0096498e+00  1.0184765e+00
   1.0096498e+00  5.9431088e-01  1.0096498e+00  1.0184765e+00
   1.0096498e+00  9.3816143e-01  1.0096498e+00  1.0184765e+00
   1.0096498e+00  2.9491085e-01  1.0096498e+00  1.0184765e+00
   1.0096498e+00  9.3816143e-01  1.0096498e+00  1.0184765e+00
   1.0096498e+00  5.9431088e-01  1.0096498e+00  1.0184765e+00
   1.0096498e+00  9.3816143e-01  1.0096498e+00  1.0184765e+00
   1.0096498e+00  7.4366763e-02  1.0096498e+00  1.0184765e+00
   1.0096498e+00  9.3816143e-01  1.0096498e+00  1.0184765e+00
   1.0096498e+00  5.9431088e-01  1.0096498e+00  1.0184765e+00
   1.0096498e+00  9.3816143e-01  1.0096498e+00  1.0184765e+00
   1.0096498e+00  2.9491085e-01  1.0096498e+00  1.0184765e+00
   1.0096498e+00  9.3816143e-01  1.0096498e+00  1.0184765e+00
   1.0096498e+00  5.9431088e-01  1.0096498e+00  1.0184765e+00
   1.0096498e+00  9.3816143e-01  1.0096498e+00  1.0184765e+00
   1.0096498e+00  5.6752590e-03  1.0096498e+00  1.0184765e+00
   1.0096498e+00  9.3816143e-01  1.0096498e+00  1.0184765e+00
   1.0096498e+00  5.9431088e-01  1.0096498e+00  1.0184765e+00
   1.0096498e+00  9.3816143e-01  1.0096498e+00  1.0184765e+00
   1.0096498e+00  2.9491085e-01  1.0096498e+00  1.0184765e+00
   1.0096498e+00  9.3816143e-01  1.0096498e+00  1.0184765e+00
   1.0096498e+00  5.9431088e-01  1.0096498e+00  1.0184765e+00
   1.0096498e+00  9.3816143e-01  1.0096498e+00  1.0184765e+00
   1.0096498e+00  7.4366763e-02  1.0096498e+00  1.0184765e+00
   1.0096498e+00  9.3816143e-01  1.0096498e+00  1.0184765e+00
   1.0096498e+00  5.9430659e-01  1.0096498e+00  1.0184765e+00]], 函数值: 0.77404296
12/29 01:47:47 AM    最优函数值: 0
12/29 01:47:47 AM    |f(xk) - f(x*)|: 0.7740429639816284
12/29 01:47:47 AM    ||g_k||: 33.042114
12/29 01:47:47 AM    CPU时间（ms）: 548.716716
