Namespace(criterion_method='strong_wolfe', eps=1e-06, func_name='extended_rosenbrock', init_alpha=0.5, m=100, max_iters=10000.0, opt_method='prp+', rho=0.0001, sigma=0.9, stepsize_method='interpolate22')
12/29 12:54:04 AM ***** Final Results *****
12/29 12:54:04 AM    迭代次数(ite): 9999
12/29 12:54:04 AM    函数调用次数(feva): 167769
12/29 12:54:04 AM    迭代点的 x 值: [[-0.87886316  0.          0.7963153   0.78107876  0.85017365  0.
   0.85017365  0.63296074  0.85017365  0.61760926  0.8957738   0.72196734
   0.8957738   0.          0.8957738   0.72196734  0.8957738   0.39996964
   0.8957738   0.72196734  0.8957738   0.38418946  0.8957738   0.8018714
   0.97747207  0.52077067  0.97747207  0.8018714   0.97747207  0.
   0.97747207  0.8018714   0.97747207  0.52077067  0.97747207  0.8018714
   0.97747207  0.15962932  0.97747207  0.8018714   0.97747207  0.52077067
   0.97747207  0.8018714   0.97747207  0.14948119  0.97747207  0.8018714
   0.97747207  0.6427609   0.999986    0.95536035  0.999986    0.27096897
   0.999986    0.95536035  0.999986    0.6427609   0.999986    0.95536035
   0.999986    0.          0.999986    0.95536035  0.999986    0.6427609
   0.999986    0.95536035  0.999986    0.27096897  0.999986    0.95536035
   0.999986    0.6427609   0.999986    0.95536035  0.999986    0.02538119
   0.999986    0.95536035  0.999986    0.6427609   0.999986    0.95536035
   0.999986    0.27096897  0.999986    0.95536035  0.999986    0.6427609
   0.999986    0.95536035  0.999986    0.02281881  0.999986    0.95536035
   0.999986    0.6427609   0.999986    0.95536035]], 函数值: 3.7366552
12/29 12:54:04 AM    最优函数值: 0
12/29 12:54:04 AM    |f(xk) - f(x*)|: 3.7366552352905273
12/29 12:54:04 AM    ||g_k||: 1.3460019
12/29 12:54:04 AM    CPU时间（ms）: 53.528325
