Namespace(criterion_method='strong_wolfe', eps=1e-06, func_name='extended_rosenbrock', init_alpha=0.5, m=1000, max_iters=10000.0, opt_method='fr', rho=0.0001, sigma=0.9, stepsize_method='interpolate22')
12/29 01:25:19 AM ***** Final Results *****
12/29 01:25:19 AM    迭代次数(ite): 9999
12/29 01:25:19 AM    函数调用次数(feva): 118747
12/29 01:25:19 AM    迭代点的 x 值: [[-0.9920143   0.         -0.99124837  0.99416214 -0.99124837  0.
  -0.9868227   0.98976403 -0.9868227   0.99336517 -0.9868227   0.98976403
  -0.9868227   0.         -0.94531435  0.98388225 -0.94531435  0.98966795
  -0.94531435  0.98388225 -0.94531435  0.9893934  -0.94531435  0.98388225
  -0.94531435  0.98966795 -0.94531435  0.98388225 -0.94531435  0.
   0.72971094  0.9038422   0.72971094  0.973131    0.72971094  0.9038422
   0.72971094  0.9762323   0.72971094  0.9038422   0.72971094  0.973131
   0.72971094  0.9038422   0.72971094  0.98013985  0.72971094  0.9038422
   0.72971094  0.973131    0.72971094  0.9038422   0.72971094  0.9762323
   0.72971094  0.9038422   0.72971094  0.973131    0.72971094  0.9038422
   0.82679003  0.          0.82679003  0.53091824  0.82679003  0.82245517
   0.82679003  0.53091824  0.82679003  0.9495932   0.82679003  0.53091824
   0.82679003  0.82245517  0.82679003  0.53091824  0.82679003  0.9595527
   0.82679003  0.53091824  0.82679003  0.82245517  0.82679003  0.53091824
   0.82679003  0.9495932   0.82679003  0.53091824  0.82679003  0.82245517
   0.82679003  0.53091824  0.82679003  0.9613949   0.82679003  0.53091824
   0.82679003  0.82245517  0.82679003  0.53091824  0.82679003  0.9495932
   0.82679003  0.53091824  0.82679003  0.82245517  0.82679003  0.53091824
   0.82679003  0.9595527   0.82679003  0.53091824  0.82679003  0.82245517
   0.82679003  0.53091824  0.82679003  0.9495932   0.82679003  0.53091824
   0.82679003  0.82245517  0.82679003  0.6826129   0.8747146   0.
   0.8747146   0.6826129   0.8747146   0.28099382  0.8747146   0.6826129
   0.8747146   0.6795319   0.8747146   0.6826129   0.8747146   0.28099382
   0.8747146   0.6826129   0.8747146   0.9030723   0.8747146   0.6826129
   0.8747146   0.28099382  0.8747146   0.6826129   0.8747146   0.6795319
   0.8747146   0.6826129   0.8747146   0.28099382  0.8747146   0.6826129
   0.8747146   0.9176926   0.8747146   0.6826129   0.8747146   0.28099382
   0.8747146   0.6826129   0.8747146   0.6795319   0.8747146   0.6826129
   0.8747146   0.28099382  0.8747146   0.6826129   0.8747146   0.9030723
   0.8747146   0.6826129   0.8747146   0.28099382  0.8747146   0.6826129
   0.8747146   0.6795319   0.8747146   0.6826129   0.8747146   0.28099382
   0.8747146   0.6826129   0.8747146   0.9245916   0.8747146   0.6826129
   0.8747146   0.28099382  0.8747146   0.6826129   0.8747146   0.6795319
   0.8747146   0.6826129   0.8747146   0.28099382  0.8747146   0.6826129
   0.8747146   0.9030723   0.8747146   0.6826129   0.8747146   0.28099382
   0.8747146   0.6826129   0.8747146   0.6795319   0.8747146   0.6826129
   0.8747146   0.28099382  0.8747146   0.6826129   0.8747146   0.9176926
   0.8747146   0.6826129   0.8747146   0.28099382  0.8747146   0.6826129
   0.8747146   0.6795319   0.8747146   0.6826129   0.8747146   0.28099382
   0.8747146   0.6826129   0.8747146   0.9030723   0.8747146   0.6826129
   0.8747146   0.28099382  0.8747146   0.6826129   0.8747146   0.6795319
   0.8747146   0.6826129   0.96420723  0.46540898  0.96420723  0.76447314
   0.96420723  0.          0.96420723  0.76447314  0.96420723  0.46540898
   0.96420723  0.76447314  0.96420723  0.07857442  0.96420723  0.76447314
   0.96420723  0.46540898  0.96420723  0.76447314  0.96420723  0.4635293
   0.96420723  0.76447314  0.96420723  0.46540898  0.96420723  0.76447314
   0.96420723  0.07857442  0.96420723  0.76447314  0.96420723  0.46540898
   0.96420723  0.76447314  0.96420723  0.8162268   0.96420723  0.76447314
   0.96420723  0.46540898  0.96420723  0.76447314  0.96420723  0.07857442
   0.96420723  0.76447314  0.96420723  0.46540898  0.96420723  0.76447314
   0.96420723  0.4635293   0.96420723  0.76447314  0.96420723  0.46540898
   0.96420723  0.76447314  0.96420723  0.07857442  0.96420723  0.76447314
   0.96420723  0.46540898  0.96420723  0.76447314  0.96420723  0.8445399
   0.96420723  0.76447314  0.96420723  0.46540898  0.96420723  0.76447314
   0.96420723  0.07857442  0.96420723  0.76447314  0.96420723  0.46540898
   0.96420723  0.76447314  0.96420723  0.4635293   0.96420723  0.76447314
   0.96420723  0.46540898  0.96420723  0.76447314  0.96420723  0.07857442
   0.96420723  0.76447314  0.96420723  0.46540898  0.96420723  0.76447314
   0.96420723  0.8162268   0.96420723  0.76447314  0.96420723  0.46540898
   0.96420723  0.76447314  0.96420723  0.07857442  0.96420723  0.76447314
   0.96420723  0.46540898  0.96420723  0.76447314  0.96420723  0.4635293
   0.96420723  0.76447314  0.96420723  0.46540898  0.96420723  0.76447314
   0.96420723  0.07857442  0.96420723  0.76447314  0.96420723  0.46540898
   0.96420723  0.76447314  0.96420723  0.85506266  0.96420723  0.76447314
   0.96420723  0.46540898  0.96420723  0.76447314  0.96420723  0.07857442
   0.96420723  0.76447314  0.96420723  0.46540898  0.96420723  0.76447314
   0.96420723  0.4635293   0.96420723  0.76447314  0.96420723  0.46540898
   0.96420723  0.76447314  0.96420723  0.07857442  0.96420723  0.76447314
   0.96420723  0.46540898  0.96420723  0.76447314  0.96420723  0.8162268
   0.96420723  0.76447314  0.96420723  0.46540898  0.96420723  0.76447314
   0.96420723  0.07857442  0.96420723  0.76447314  0.96420723  0.46540898
   0.96420723  0.76447314  0.96420723  0.4635293   0.96420723  0.76447314
   0.96420723  0.46540898  0.96420723  0.76447314  0.96420723  0.07857442
   0.96420723  0.76447314  0.96420723  0.46540898  0.96420723  0.76447314
   0.96420723  0.8445399   0.96420723  0.76447314  0.96420723  0.46540898
   0.96420723  0.76447314  0.96420723  0.07857442  0.96420723  0.76447314
   0.96420723  0.46540898  0.96420723  0.76447314  0.96420723  0.4635293
   0.96420723  0.76447314  0.96420723  0.46540898  0.96420723  0.76447314
   0.96420723  0.07857442  0.96420723  0.76447314  0.96420723  0.46540898
   0.96420723  0.76447314  0.96420723  0.8162268   0.96420723  0.76447314
   0.96420723  0.46540898  0.96420723  0.76447314  0.96420723  0.07857442
   0.96420723  0.76447314  0.96420723  0.46540898  0.96420723  0.76447314
   0.96420723  0.4635293   0.96420723  0.76447314  0.96420723  0.46540898
   0.96420723  0.92954934  0.9999752   0.21633036  0.9999752   0.92954934
   0.9999752   0.58412015  0.9999752   0.92954934  0.9999752   0.
   0.9999752   0.92954934  0.9999752   0.58412015  0.9999752   0.92954934
   0.9999752   0.21633036  0.9999752   0.92954934  0.9999752   0.58412015
   0.9999752   0.92954934  0.9999752   0.00611539  0.9999752   0.92954934
   0.9999752   0.58412015  0.9999752   0.92954934  0.9999752   0.21633036
   0.9999752   0.92954934  0.9999752   0.58412015  0.9999752   0.92954934
   0.9999752   0.21573935  0.9999752   0.92954934  0.9999752   0.58412015
   0.9999752   0.92954934  0.9999752   0.21633036  0.9999752   0.92954934
   0.9999752   0.58412015  0.9999752   0.92954934  0.9999752   0.00611539
   0.9999752   0.92954934  0.9999752   0.58412015  0.9999752   0.92954934
   0.9999752   0.21633036  0.9999752   0.92954934  0.9999752   0.58412015
   0.9999752   0.92954934  0.9999752   0.6665322   0.9999752   0.92954934
   0.9999752   0.58412015  0.9999752   0.92954934  0.9999752   0.21633036
   0.9999752   0.92954934  0.9999752   0.58412015  0.9999752   0.92954934
   0.9999752   0.00611539  0.9999752   0.92954934  0.9999752   0.58412015
   0.9999752   0.92954934  0.9999752   0.21633036  0.9999752   0.92954934
   0.9999752   0.58412015  0.9999752   0.92954934  0.9999752   0.21573935
   0.9999752   0.92954934  0.9999752   0.58412015  0.9999752   0.92954934
   0.9999752   0.21633036  0.9999752   0.92954934  0.9999752   0.58412015
   0.9999752   0.92954934  0.9999752   0.00611539  0.9999752   0.92954934
   0.9999752   0.58412015  0.9999752   0.92954934  0.9999752   0.21633036
   0.9999752   0.92954934  0.9999752   0.58412015  0.9999752   0.92954934
   0.9999752   0.7126342   0.9999752   0.92954934  0.9999752   0.58412015
   0.9999752   0.92954934  0.9999752   0.21633036  0.9999752   0.92954934
   0.9999752   0.58412015  0.9999752   0.92954934  0.9999752   0.00611539
   0.9999752   0.92954934  0.9999752   0.58412015  0.9999752   0.92954934
   0.9999752   0.21633036  0.9999752   0.92954934  0.9999752   0.58412015
   0.9999752   0.92954934  0.9999752   0.21573935  0.9999752   0.92954934
   0.9999752   0.58412015  0.9999752   0.92954934  0.9999752   0.21633036
   0.9999752   0.92954934  0.9999752   0.58412015  0.9999752   0.92954934
   0.9999752   0.00611539  0.9999752   0.92954934  0.9999752   0.58412015
   0.9999752   0.92954934  0.9999752   0.21633036  0.9999752   0.92954934
   0.9999752   0.58412015  0.9999752   0.92954934  0.9999752   0.6665322
   0.9999752   0.92954934  0.9999752   0.58412015  0.9999752   0.92954934
   0.9999752   0.21633036  0.9999752   0.92954934  0.9999752   0.58412015
   0.9999752   0.92954934  0.9999752   0.00611539  0.9999752   0.92954934
   0.9999752   0.58412015  0.9999752   0.92954934  0.9999752   0.21633036
   0.9999752   0.92954934  0.9999752   0.58412015  0.9999752   0.92954934
   0.9999752   0.21573935  0.9999752   0.92954934  0.9999752   0.58412015
   0.9999752   0.92954934  0.9999752   0.21633036  0.9999752   0.92954934
   0.9999752   0.58412015  0.9999752   0.92954934  0.9999752   0.00611539
   0.9999752   0.92954934  0.9999752   0.58412015  0.9999752   0.92954934
   0.9999752   0.21633036  0.9999752   0.92954934  0.9999752   0.58412015
   0.9999752   0.92954934  0.9999752   0.73120177  0.9999752   0.92954934
   0.9999752   0.58412015  0.9999752   0.92954934  0.9999752   0.21633036
   0.9999752   0.92954934  0.9999752   0.58412015  0.9999752   0.92954934
   0.9999752   0.00611539  0.9999752   0.92954934  0.9999752   0.58412015
   0.9999752   0.92954934  0.9999752   0.21633036  0.9999752   0.92954934
   0.9999752   0.58412015  0.9999752   0.92954934  0.9999752   0.21573935
   0.9999752   0.92954934  0.9999752   0.58412015  0.9999752   0.92954934
   0.9999752   0.21633036  0.9999752   0.92954934  0.9999752   0.58412015
   0.9999752   0.92954934  0.9999752   0.00611539  0.9999752   0.92954934
   0.9999752   0.58412015  0.9999752   0.92954934  0.9999752   0.21633036
   0.9999752   0.92954934  0.9999752   0.58412015  0.9999752   0.92954934
   0.9999752   0.6665322   0.9999752   0.92954934  0.9999752   0.58412015
   0.9999752   0.92954934  0.9999752   0.21633036  0.9999752   0.92954934
   0.9999752   0.58412015  0.9999752   0.92954934  0.9999752   0.00611539
   0.9999752   0.92954934  0.9999752   0.58412015  0.9999752   0.92954934
   0.9999752   0.21633036  0.9999752   0.92954934  0.9999752   0.58412015
   0.9999752   0.92954934  0.9999752   0.21573935  0.9999752   0.92954934
   0.9999752   0.58412015  0.9999752   0.92954934  0.9999752   0.21633036
   0.9999752   0.92954934  0.9999752   0.58412015  0.9999752   0.92954934
   0.9999752   0.00611539  0.9999752   0.92954934  0.9999752   0.58412015
   0.9999752   0.92954934  0.9999752   0.21633036  0.9999752   0.92954934
   0.9999752   0.58412015  0.9999752   0.92954934  0.9999752   0.7126342
   0.9999752   0.92954934  0.9999752   0.58412015  0.9999752   0.92954934
   0.9999752   0.21633036  0.9999752   0.92954934  0.9999752   0.58412015
   0.9999752   0.92954934  0.9999752   0.00611539  0.9999752   0.92954934
   0.9999752   0.58412015  0.9999752   0.92954934  0.9999752   0.21633036
   0.9999752   0.92954934  0.9999752   0.58412015  0.9999752   0.92954934
   0.9999752   0.21573935  0.9999752   0.92954934  0.9999752   0.58412015
   0.9999752   0.92954934  0.9999752   0.21633036  0.9999752   0.92954934
   0.9999752   0.58412015  0.9999752   0.92954934  0.9999752   0.00611539
   0.9999752   0.92954934  0.9999752   0.58412015  0.9999752   0.92954934
   0.9999752   0.21633036  0.9999752   0.92954934  0.9999752   0.58412015
   0.9999752   0.92954934  0.9999752   0.6665322   0.9999752   0.92954934
   0.9999752   0.58412015  0.9999752   0.92954934  0.9999752   0.21633036
   0.9999752   0.92954934  0.9999752   0.58412015  0.9999752   0.92954934
   0.9999752   0.00611539  0.9999752   0.92954934  0.9999752   0.58412015
   0.9999752   0.92954934  0.9999752   0.21633036  0.9999752   0.92954934
   0.9999752   0.58412015  0.9999752   0.92954934  0.9999752   0.21573935
   0.9999752   0.92954934  0.9999752   0.58412015  0.9999752   0.92954934
   0.9999752   0.21633036  0.9999752   0.92954934]], 函数值: 61.396397
12/29 01:25:19 AM    最优函数值: 0
12/29 01:25:19 AM    |f(xk) - f(x*)|: 61.39639663696289
12/29 01:25:19 AM    ||g_k||: 8.936008
12/29 01:25:19 AM    CPU时间（ms）: 413.809326
