Namespace(criterion_method='strong_wolfe', eps=1e-06, func_name='extended_rosenbrock', init_alpha=0.5, m=100, max_iters=10000.0, opt_method='bb', rho=0.0001, sigma=0.9, stepsize_method='interpolate22')
12/29 01:05:27 AM ***** Final Results *****
12/29 01:05:27 AM    迭代次数(ite): 9999
12/29 01:05:27 AM    函数调用次数(feva): 37277
12/29 01:05:27 AM    迭代点的 x 值: [[0.9716802  0.         0.9807471  0.94401705 0.99613464 0.
  0.99613464 0.9617672  0.99613464 0.8910921  0.9999977  0.99226487
  0.9999977  0.         0.9999977  0.99226487 0.9999977  0.92494625
  0.9999977  0.99226487 0.9999977  0.7940042  0.9999977  0.99999535
  1.         0.98458076 1.         0.99999535 1.         0.
  1.         0.99999535 1.         0.98458076 1.         0.99999535
  1.         0.8555006  1.         0.99999535 1.         0.98458076
  1.         0.99999535 1.         0.6304202  1.         0.99999535
  1.         0.99999064 1.         1.         1.         0.9693952
  1.         1.         1.         0.99999064 1.         1.
  1.         0.         1.         1.         1.         0.99999064
  1.         1.         1.         0.9693952  1.         1.
  1.         0.99999064 1.         1.         1.         0.73187035
  1.         1.         1.         0.99999064 1.         1.
  1.         0.9693952  1.         1.         1.         0.99999064
  1.         1.         1.         0.39741877 1.         1.
  1.         0.99999064 1.         1.        ]], 函数值: 0.001221847
12/29 01:05:27 AM    最优函数值: 0
12/29 01:05:27 AM    |f(xk) - f(x*)|: 0.0012218470219522715
12/29 01:05:27 AM    ||g_k||: 0.0043543777
12/29 01:05:27 AM    CPU时间（ms）: 10.621355000000001
