Namespace(criterion_method='strong_wolfe', eps=1e-06, func_name='extended_rosenbrock', init_alpha=0.5, m=100, max_iters=10000.0, opt_method='prp', rho=0.0001, sigma=0.9, stepsize_method='interpolate22')
12/29 12:53:29 AM ***** Final Results *****
12/29 12:53:29 AM    迭代次数(ite): 9999
12/29 12:53:29 AM    函数调用次数(feva): 168848
12/29 12:53:29 AM    迭代点的 x 值: [[-6.0214829e-01  0.0000000e+00  8.2012993e-01  3.7189746e-01
   8.6286569e-01  0.0000000e+00  8.6286569e-01  6.7159951e-01
   8.6286569e-01  1.4302348e-01  9.0810293e-01  7.4193269e-01
   9.0810293e-01  0.0000000e+00  9.0810293e-01  7.4193269e-01
   9.0810293e-01  4.5045853e-01  9.0810293e-01  7.4193269e-01
   9.0810293e-01  2.1736769e-02  9.0810293e-01  8.2098216e-01
   9.8336637e-01  5.5168015e-01  9.8336637e-01  8.2098216e-01
   9.8336637e-01  0.0000000e+00  9.8336637e-01  8.2098216e-01
   9.8336637e-01  5.5168015e-01  9.8336637e-01  8.2098216e-01
   9.8336637e-01  2.0259590e-01  9.8336637e-01  8.2098216e-01
   9.8336637e-01  5.5168015e-01  9.8336637e-01  8.2098216e-01
   9.8336637e-01  5.3254986e-04  9.8336637e-01  8.2098216e-01
   9.8336637e-01  6.7647606e-01  9.9998909e-01  9.6694225e-01
   9.9998909e-01  3.0355996e-01  9.9998909e-01  9.6694225e-01
   9.9998909e-01  6.7647606e-01  9.9998909e-01  9.6694225e-01
   9.9998909e-01  0.0000000e+00  9.9998909e-01  9.6694225e-01
   9.9998909e-01  6.7647606e-01  9.9998909e-01  9.6694225e-01
   9.9998909e-01  3.0355996e-01  9.9998909e-01  9.6694225e-01
   9.9998909e-01  6.7647606e-01  9.9998909e-01  9.6694225e-01
   9.9998909e-01  4.0934779e-02  9.9998909e-01  9.6694225e-01
   9.9998909e-01  6.7647606e-01  9.9998909e-01  9.6694225e-01
   9.9998909e-01  3.0355996e-01  9.9998909e-01  9.6694225e-01
   9.9998909e-01  6.7647606e-01  9.9998909e-01  9.6694225e-01
   9.9998909e-01  3.6024224e-07  9.9998909e-01  9.6694225e-01
   9.9998909e-01  6.7647606e-01  9.9998909e-01  9.6694225e-01]], 函数值: 2.7459207
12/29 12:53:29 AM    最优函数值: 0
12/29 12:53:29 AM    |f(xk) - f(x*)|: 2.7459206581115723
12/29 12:53:29 AM    ||g_k||: 5.416345
12/29 12:53:29 AM    CPU时间（ms）: 54.556399
