Namespace(criterion_method='strong_wolfe', eps=1e-06, func_name='extended_rosenbrock', init_alpha=0.5, m=100, max_iters=10000.0, opt_method='dy', rho=0.0001, sigma=0.9, stepsize_method='interpolate22')
12/29 01:03:45 AM ***** Final Results *****
12/29 01:03:45 AM    迭代次数(ite): 9999
12/29 01:03:45 AM    函数调用次数(feva): 174762
12/29 01:03:45 AM    迭代点的 x 值: [[ 9.1448885e-01  1.5358284e-08  9.1655856e-01  8.3583724e-01
   9.2263722e-01  6.5094881e-09  9.2263722e-01  8.4023315e-01
   9.2263722e-01  6.9836032e-01  1.0294331e+00  8.5084707e-01
   1.0294331e+00 -7.9972171e-09  1.0294331e+00  8.5084707e-01
   1.0294331e+00  7.0610899e-01  1.0294331e+00  8.5084707e-01
   1.0294331e+00  4.8756090e-01  1.0294331e+00  1.0608550e+00
   9.7925097e-01  7.2372979e-01  9.7925097e-01  1.0608550e+00
   9.7925097e-01 -4.2802095e-09  9.7925097e-01  1.0608550e+00
   9.7925097e-01  7.2372979e-01  9.7925097e-01  1.0608550e+00
   9.7925097e-01  4.9955472e-01  9.7925097e-01  1.0608550e+00
   9.7925097e-01  7.2372979e-01  9.7925097e-01  1.0608550e+00
   9.7925097e-01  2.3763189e-01  9.7925097e-01  1.0608550e+00
   9.7925097e-01  1.1244216e+00  1.0124940e+00  9.5884830e-01
   1.0124940e+00  5.2368164e-01  1.0124940e+00  9.5884830e-01
   1.0124940e+00  1.1244216e+00  1.0124940e+00  9.5884830e-01
   1.0124940e+00 -1.2855206e-08  1.0124940e+00  9.5884830e-01
   1.0124940e+00  1.1244216e+00  1.0124940e+00  9.5884830e-01
   1.0124940e+00  5.2368164e-01  1.0124940e+00  9.5884830e-01
   1.0124940e+00  1.1244216e+00  1.0124940e+00  9.5884830e-01
   1.0124940e+00  2.5045392e-01  1.0124940e+00  9.5884830e-01
   1.0124940e+00  1.1244216e+00  1.0124940e+00  9.5884830e-01
   1.0124940e+00  5.2368164e-01  1.0124940e+00  9.5884830e-01
   1.0124940e+00  1.1244216e+00  1.0124940e+00  9.5884830e-01
   1.0124940e+00  5.6435443e-02  1.0124940e+00  9.5884830e-01
   1.0124940e+00  1.1244216e+00  1.0124940e+00  9.5884830e-01]], 函数值: 0.049648423
12/29 01:03:45 AM    最优函数值: 0
12/29 01:03:45 AM    |f(xk) - f(x*)|: 0.04964842274785042
12/29 01:03:45 AM    ||g_k||: 2.1871073
12/29 01:03:45 AM    CPU时间（ms）: 56.266954999999996
