Namespace(criterion_method='strong_wolfe', eps=1e-06, func_name='trigonometric', init_alpha=0.5, m=100, max_iters=10000.0, opt_method='fr', rho=0.0001, sigma=0.9, stepsize_method='interpolate22')
12/29 12:50:40 AM ***** Final Results *****
12/29 12:50:40 AM    迭代次数(ite): 9999
12/29 12:50:40 AM    函数调用次数(feva): 237710
12/29 12:50:40 AM    迭代点的 x 值: [[0.00422642 0.00506906 0.00590092 0.00640253 0.00640818 0.00593536
  0.00517331 0.00441304 0.0039438  0.00395229 0.00444454 0.00523744
  0.0060494  0.00660088 0.00672093 0.00638681 0.00572744 0.00499051
  0.00446959 0.00441008 0.00489807 0.00579882 0.00678738 0.00748555
  0.00762761 0.00714609 0.00617562 0.00505386 0.00422748 0.00403845
  0.00455568 0.00549943 0.00641476 0.00700292 0.00712402 0.00673707
  0.00598808 0.00520526 0.00479535 0.00504679 0.00591158 0.00704645
  0.00783677 0.00783695 0.00725576 0.00646899 0.00577137 0.00543864
  0.00560346 0.00609401 0.00657635 0.00683365 0.00683546 0.00671128
  0.00670551 0.00697417 0.007297   0.00725338 0.02940986 0.00547598
  0.02733776 0.00714596 0.00774004 0.00792696 0.01902676 0.00708629
  0.00819653 0.00999757 0.0050631  0.02134457 0.00823067 0.02315778
  0.02103817 0.02271915 0.01121612 0.02124848 0.01913326 0.00751152
  0.00717392 0.00683336 0.01933908 0.00992096 0.01395426 0.01694383
  0.01684886 0.01784215 0.01580011 0.00816945 0.01437478 0.0144505
  0.00848739 0.00872912 0.00864932 0.0096566  0.01063783 0.00842407
  0.00685543 0.01259764 0.0064368  0.01584256]], 函数值: 6.743575e-05
12/29 12:50:40 AM    最优函数值: 0
12/29 12:50:40 AM    |f(xk) - f(x*)|: 6.743575067957863e-05
12/29 12:50:40 AM    ||g_k||: 0.013587875
12/29 12:50:40 AM    CPU时间（ms）: 603.486741
